C51 COMPILER V9.01   FILESYS_3                                                             08/29/2011 15:28:02 PAGE 1   


C51 COMPILER V9.01, COMPILATION OF MODULE FILESYS_3
OBJECT MODULE PLACED IN .\filesys_3.obj
COMPILER INVOKED BY: C:\Keil\C51\BIN\C51.exe ..\src\web_page\filesys_3.c LARGE OMF2 ROM(D16M) BROWSE INTVECTOR(0X8020) I
                    -NCDIR(..\src\main;..\src\mcpu;..\src\mswdma;..\src\uart0;..\src\mmstimer;..\src\mwif;..\src\madapter;..\src\mtcpip;..\sr
                    -c\mping;..\src\mpppoe;..\src\si2c;..\src\mdnsc;..\src\mconsole;..\src\mtelnet;..\src\meeprom;..\src\mmac;..\src\mdhcpc;.
                    -.\src\mhttp;..\src\mgs2wifi;..\src\mhsuart;..\src\msmtpc;..\src\web_page;..\src\mdhcps;..\src\mdebug;..\..\..\Include;..
                    -\..\..\Build\ASIX8051_220\) DEFINE(RuntimeCodeAt32KH) VARBANKING DEBUG PRINT(.\output\filesys_3.lst) OBJECT(.\filesys_3.
                    -obj)

line level    source

   1          /*
   2           ******************************************************************************
   3           *     Copyright (c) 2010 ASIX Electronic Corporation      All rights reserved.
   4           *
   5           *     This is unpublished proprietary source code of ASIX Electronic Corporation
   6           *
   7           *     The copyright notice above does not evidence any actual or intended
   8           *     publication of such source code.
   9           ******************************************************************************
  10           */
  11          
  12          /* INCLUDE FILE DECLARATIONS */
  13          #include "filesys.h"
  14          
  15          U8_T const FAR WebWifisetting[] = {
  16          0x3c,0x21,0x44,0x4f,0x43,0x54,0x59,0x50,0x45,0x20,0x68,0x74,0x6d,0x6c,0x20,0x50,
  17          0x55,0x42,0x4c,0x49,0x43,0x20,0x22,0x2d,0x2f,0x2f,0x57,0x33,0x43,0x2f,0x2f,0x44,
  18          0x54,0x44,0x20,0x58,0x48,0x54,0x4d,0x4c,0x20,0x31,0x2e,0x30,0x20,0x54,0x72,0x61,
  19          0x6e,0x73,0x69,0x74,0x69,0x6f,0x6e,0x61,0x6c,0x2f,0x2f,0x45,0x4e,0x22,0x20,0x22,
  20          0x68,0x74,0x74,0x70,0x3a,0x2f,0x2f,0x77,0x77,0x77,0x2e,0x77,0x33,0x2e,0x6f,0x72,
  21          0x67,0x2f,0x54,0x52,0x2f,0x78,0x68,0x74,0x6d,0x6c,0x31,0x2f,0x44,0x54,0x44,0x2f,
  22          0x78,0x68,0x74,0x6d,0x6c,0x31,0x2d,0x74,0x72,0x61,0x6e,0x73,0x69,0x74,0x69,0x6f,
  23          0x6e,0x61,0x6c,0x2e,0x64,0x74,0x64,0x22,0x3e,0x0d,0x0a,0x3c,0x68,0x74,0x6d,0x6c,
  24          0x20,0x78,0x6d,0x6c,0x6e,0x73,0x3d,0x22,0x68,0x74,0x74,0x70,0x3a,0x2f,0x2f,0x77,
  25          0x77,0x77,0x2e,0x77,0x33,0x2e,0x6f,0x72,0x67,0x2f,0x31,0x39,0x39,0x39,0x2f,0x78,
  26          0x68,0x74,0x6d,0x6c,0x22,0x3e,0x0d,0x0a,0x3c,0x68,0x65,0x61,0x64,0x3e,0x0d,0x0a,
  27          0x3c,0x6d,0x65,0x74,0x61,0x20,0x68,0x74,0x74,0x70,0x2d,0x65,0x71,0x75,0x69,0x76,
  28          0x3d,0x22,0x43,0x6f,0x6e,0x74,0x65,0x6e,0x74,0x2d,0x54,0x79,0x70,0x65,0x22,0x20,
  29          0x63,0x6f,0x6e,0x74,0x65,0x6e,0x74,0x3d,0x22,0x74,0x65,0x78,0x74,0x2f,0x68,0x74,
  30          0x6d,0x6c,0x3b,0x20,0x63,0x68,0x61,0x72,0x73,0x65,0x74,0x3d,0x75,0x74,0x66,0x2d,
  31          0x38,0x22,0x20,0x2f,0x3e,0x0d,0x0a,0x3c,0x74,0x69,0x74,0x6c,0x65,0x3e,0x77,0x69,
  32          0x66,0x69,0x3c,0x2f,0x74,0x69,0x74,0x6c,0x65,0x3e,0x0d,0x0a,0x3c,0x6c,0x69,0x6e,
  33          0x6b,0x20,0x68,0x72,0x65,0x66,0x3d,0x22,0x61,0x78,0x63,0x73,0x73,0x30,0x2e,0x63,
  34          0x73,0x73,0x22,0x20,0x72,0x65,0x6c,0x3d,0x22,0x73,0x74,0x79,0x6c,0x65,0x73,0x68,
  35          0x65,0x65,0x74,0x22,0x20,0x74,0x79,0x70,0x65,0x3d,0x22,0x74,0x65,0x78,0x74,0x2f,
  36          0x63,0x73,0x73,0x22,0x20,0x2f,0x3e,0x0d,0x0a,0x3c,0x2f,0x68,0x65,0x61,0x64,0x3e,
  37          0x0d,0x0a,0x3c,0x62,0x6f,0x64,0x79,0x3e,0x0d,0x0a,0x3c,0x74,0x61,0x62,0x6c,0x65,
  38          0x20,0x77,0x69,0x64,0x74,0x68,0x3d,0x22,0x38,0x30,0x30,0x22,0x20,0x62,0x6f,0x72,
  39          0x64,0x65,0x72,0x3d,0x22,0x30,0x22,0x20,0x61,0x6c,0x69,0x67,0x6e,0x3d,0x22,0x63,
  40          0x65,0x6e,0x74,0x65,0x72,0x22,0x20,0x63,0x65,0x6c,0x6c,0x70,0x61,0x64,0x64,0x69,
  41          0x6e,0x67,0x3d,0x22,0x30,0x22,0x20,0x63,0x65,0x6c,0x6c,0x73,0x70,0x61,0x63,0x69,
  42          0x6e,0x67,0x3d,0x22,0x30,0x22,0x3e,0x0d,0x0a,0x09,0x3c,0x74,0x72,0x3e,0x0d,0x0a,
  43          0x20,0x20,0x20,0x20,0x3c,0x74,0x64,0x20,0x63,0x6f,0x6c,0x73,0x70,0x61,0x6e,0x3d,
  44          0x22,0x32,0x22,0x20,0x61,0x6c,0x69,0x67,0x6e,0x3d,0x22,0x72,0x69,0x67,0x68,0x74,
  45          0x22,0x20,0x62,0x67,0x63,0x6f,0x6c,0x6f,0x72,0x3d,0x22,0x23,0x30,0x30,0x38,0x38,
  46          0x46,0x37,0x22,0x3e,0x3c,0x61,0x20,0x68,0x72,0x65,0x66,0x3d,0x22,0x68,0x74,0x74,
  47          0x70,0x3a,0x2f,0x2f,0x77,0x77,0x77,0x2e,0x61,0x73,0x69,0x78,0x2e,0x63,0x6f,0x6d,
  48          0x2e,0x74,0x77,0x22,0x20,0x74,0x61,0x72,0x67,0x65,0x74,0x3d,0x22,0x6d,0x61,0x69,
  49          0x6e,0x46,0x72,0x61,0x6d,0x65,0x22,0x20,0x73,0x74,0x79,0x6c,0x65,0x3d,0x22,0x74,
  50          0x65,0x78,0x74,0x2d,0x64,0x65,0x63,0x6f,0x72,0x61,0x74,0x69,0x6f,0x6e,0x3a,0x6e,
C51 COMPILER V9.01   FILESYS_3                                                             08/29/2011 15:28:02 PAGE 2   

  51          0x6f,0x6e,0x65,0x22,0x3e,0x3c,0x66,0x6f,0x6e,0x74,0x20,0x66,0x61,0x63,0x65,0x3d,
  52          0x22,0x41,0x72,0x69,0x61,0x6c,0x2c,0x20,0x48,0x65,0x6c,0x76,0x65,0x74,0x69,0x63,
  53          0x61,0x2c,0x20,0x73,0x61,0x6e,0x73,0x2d,0x73,0x65,0x72,0x69,0x66,0x22,0x3e,0x3c,
  54          0x73,0x74,0x72,0x6f,0x6e,0x67,0x3e,0x3c,0x66,0x6f,0x6e,0x74,0x20,0x63,0x6f,0x6c,
  55          0x6f,0x72,0x3d,0x22,0x23,0x46,0x46,0x46,0x46,0x46,0x46,0x22,0x20,0x73,0x69,0x7a,
  56          0x65,0x3d,0x22,0x32,0x22,0x3e,0x3c,0x65,0x6d,0x3e,0x68,0x74,0x74,0x70,0x3a,0x2f,
  57          0x2f,0x77,0x77,0x77,0x2e,0x61,0x73,0x69,0x78,0x2e,0x63,0x6f,0x6d,0x2e,0x74,0x77,
  58          0x3c,0x2f,0x65,0x6d,0x3e,0x3c,0x2f,0x66,0x6f,0x6e,0x74,0x3e,0x3c,0x2f,0x73,0x74,
  59          0x72,0x6f,0x6e,0x67,0x3e,0x3c,0x2f,0x66,0x6f,0x6e,0x74,0x3e,0x3c,0x2f,0x61,0x3e,
  60          0x26,0x6e,0x62,0x73,0x70,0x3b,0x3c,0x2f,0x74,0x64,0x3e,0x0d,0x0a,0x09,0x3c,0x2f,
  61          0x74,0x72,0x3e,0x0d,0x0a,0x3c,0x74,0x72,0x3e,0x0d,0x0a,0x20,0x20,0x20,0x20,0x3c,
  62          0x74,0x64,0x20,0x63,0x6f,0x6c,0x73,0x70,0x61,0x6e,0x3d,0x22,0x32,0x22,0x20,0x62,
  63          0x67,0x63,0x6f,0x6c,0x6f,0x72,0x3d,0x22,0x23,0x46,0x46,0x46,0x46,0x46,0x46,0x22,
  64          0x3e,0x3c,0x74,0x61,0x62,0x6c,0x65,0x20,0x62,0x6f,0x72,0x64,0x65,0x72,0x3d,0x22,
  65          0x30,0x22,0x20,0x63,0x65,0x6c,0x6c,0x70,0x61,0x64,0x64,0x69,0x6e,0x67,0x3d,0x22,
  66          0x30,0x22,0x20,0x63,0x65,0x6c,0x6c,0x73,0x70,0x61,0x63,0x69,0x6e,0x67,0x3d,0x22,
  67          0x30,0x22,0x3e,0x0d,0x0a,0x09,0x09,0x3c,0x74,0x72,0x3e,0x0d,0x0a,0x20,0x20,0x20,
  68          0x20,0x20,0x20,0x20,0x20,0x3c,0x74,0x64,0x20,0x77,0x69,0x64,0x74,0x68,0x3d,0x22,
  69          0x32,0x30,0x22,0x3e,0x26,0x6e,0x62,0x73,0x70,0x3b,0x3c,0x2f,0x74,0x64,0x3e,0x0d,
  70          0x0a,0x20,0x20,0x20,0x20,0x20,0x20,0x20,0x20,0x3c,0x74,0x64,0x3e,0x3c,0x69,0x6d,
  71          0x67,0x20,0x73,0x72,0x63,0x3d,0x22,0x69,0x6d,0x67,0x2f,0x4c,0x6f,0x67,0x6f,0x2e,
  72          0x6a,0x70,0x67,0x22,0x20,0x61,0x6c,0x74,0x3d,0x22,0x22,0x20,0x77,0x69,0x64,0x74,
  73          0x68,0x3d,0x22,0x36,0x37,0x22,0x20,0x68,0x65,0x69,0x67,0x68,0x74,0x3d,0x22,0x36,
  74          0x32,0x22,0x20,0x2f,0x3e,0x3c,0x2f,0x74,0x64,0x3e,0x0d,0x0a,0x20,0x20,0x20,0x20,
  75          0x20,0x20,0x20,0x20,0x3c,0x74,0x64,0x3e,0x26,0x6e,0x62,0x73,0x70,0x3b,0x26,0x6e,
  76          0x62,0x73,0x70,0x3b,0x3c,0x69,0x6d,0x67,0x20,0x73,0x72,0x63,0x3d,0x22,0x69,0x6d,
  77          0x67,0x2f,0x61,0x73,0x69,0x78,0x2e,0x67,0x69,0x66,0x22,0x20,0x61,0x6c,0x74,0x3d,
  78          0x22,0x22,0x20,0x77,0x69,0x64,0x74,0x68,0x3d,0x22,0x39,0x35,0x22,0x20,0x68,0x65,
  79          0x69,0x67,0x68,0x74,0x3d,0x22,0x32,0x34,0x22,0x20,0x2f,0x3e,0x3c,0x2f,0x74,0x64,
  80          0x3e,0x0d,0x0a,0x20,0x20,0x20,0x20,0x20,0x20,0x20,0x20,0x3c,0x74,0x64,0x20,0x77,
  81          0x69,0x64,0x74,0x68,0x3d,0x22,0x32,0x30,0x22,0x3e,0x26,0x6e,0x62,0x73,0x70,0x3b,
  82          0x3c,0x2f,0x74,0x64,0x3e,0x0d,0x0a,0x20,0x20,0x20,0x20,0x20,0x20,0x20,0x20,0x3c,
  83          0x74,0x64,0x20,0x63,0x6c,0x61,0x73,0x73,0x3d,0x22,0x74,0x78,0x74,0x73,0x74,0x79,
  84          0x6c,0x65,0x5f,0x32,0x22,0x3e,0x45,0x4c,0x45,0x43,0x54,0x52,0x4f,0x4e,0x49,0x43,
  85          0x53,0x20,0x43,0x4f,0x52,0x50,0x4f,0x52,0x41,0x54,0x49,0x4f,0x4e,0x3c,0x2f,0x74,
  86          0x64,0x3e,0x0d,0x0a,0x20,0x20,0x20,0x20,0x20,0x20,0x20,0x20,0x3c,0x74,0x64,0x20,
  87          0x77,0x69,0x64,0x74,0x68,0x3d,0x22,0x32,0x30,0x22,0x3e,0x26,0x6e,0x62,0x73,0x70,
  88          0x3b,0x3c,0x2f,0x74,0x64,0x3e,0x0d,0x0a,0x20,0x20,0x20,0x20,0x20,0x20,0x20,0x20,
  89          0x3c,0x74,0x64,0x20,0x63,0x6c,0x61,0x73,0x73,0x3d,0x22,0x74,0x78,0x74,0x73,0x74,
  90          0x79,0x6c,0x65,0x5f,0x31,0x22,0x3e,0x41,0x58,0x32,0x32,0x30,0x78,0x78,0x20,0x52,
  91          0x53,0x2d,0x32,0x33,0x32,0x20,0x74,0x6f,0x20,0x57,0x69,0x46,0x69,0x3c,0x2f,0x74,
  92          0x64,0x3e,0x0d,0x0a,0x20,0x20,0x20,0x20,0x20,0x20,0x3c,0x2f,0x74,0x72,0x3e,0x0d,
  93          0x0a,0x20,0x20,0x20,0x20,0x3c,0x2f,0x74,0x61,0x62,0x6c,0x65,0x3e,0x3c,0x2f,0x74,
  94          0x64,0x3e,0x0d,0x0a,0x09,0x09,0x3c,0x2f,0x74,0x72,0x3e,0x0d,0x0a,0x09,0x09,0x3c,
  95          0x74,0x72,0x3e,0x20,0x0d,0x0a,0x20,0x20,0x20,0x20,0x3c,0x74,0x64,0x20,0x63,0x6f,
  96          0x6c,0x73,0x70,0x61,0x6e,0x3d,0x22,0x32,0x22,0x20,0x61,0x6c,0x69,0x67,0x6e,0x3d,
  97          0x22,0x72,0x69,0x67,0x68,0x74,0x22,0x20,0x62,0x67,0x63,0x6f,0x6c,0x6f,0x72,0x3d,
  98          0x22,0x23,0x36,0x30,0x42,0x37,0x46,0x46,0x22,0x3e,0x3c,0x74,0x61,0x62,0x6c,0x65,
  99          0x20,0x62,0x6f,0x72,0x64,0x65,0x72,0x3d,0x22,0x30,0x22,0x20,0x63,0x65,0x6c,0x6c,
 100          0x70,0x61,0x64,0x64,0x69,0x6e,0x67,0x3d,0x22,0x30,0x22,0x20,0x63,0x65,0x6c,0x6c,
 101          0x73,0x70,0x61,0x63,0x69,0x6e,0x67,0x3d,0x22,0x30,0x22,0x3e,0x0d,0x0a,0x20,0x20,
 102          0x20,0x20,0x20,0x20,0x3c,0x74,0x72,0x3e,0x0d,0x0a,0x20,0x20,0x20,0x20,0x20,0x20,
 103          0x20,0x20,0x3c,0x74,0x64,0x20,0x77,0x69,0x64,0x74,0x68,0x3d,0x22,0x31,0x30,0x30,
 104          0x22,0x20,0x61,0x6c,0x69,0x67,0x6e,0x3d,0x22,0x63,0x65,0x6e,0x74,0x65,0x72,0x22,
 105          0x3e,0x3c,0x61,0x20,0x68,0x72,0x65,0x66,0x3d,0x22,0x69,0x6e,0x64,0x65,0x78,0x2e,
 106          0x68,0x74,0x6d,0x22,0x3e,0x3c,0x66,0x6f,0x6e,0x74,0x20,0x63,0x6f,0x6c,0x6f,0x72,
 107          0x3d,0x22,0x23,0x46,0x46,0x46,0x46,0x46,0x46,0x22,0x20,0x66,0x61,0x63,0x65,0x3d,
 108          0x22,0x41,0x72,0x69,0x61,0x6c,0x2c,0x20,0x48,0x65,0x6c,0x76,0x65,0x74,0x69,0x63,
 109          0x61,0x2c,0x20,0x73,0x61,0x6e,0x73,0x2d,0x73,0x65,0x72,0x69,0x66,0x22,0x3e,0x4c,
 110          0x6f,0x67,0x6f,0x75,0x74,0x3c,0x2f,0x66,0x6f,0x6e,0x74,0x3e,0x3c,0x2f,0x61,0x3e,
 111          0x3c,0x2f,0x74,0x64,0x3e,0x0d,0x0a,0x09,0x09,0x3c,0x2f,0x74,0x72,0x3e,0x0d,0x0a,
 112          0x20,0x20,0x20,0x20,0x3c,0x2f,0x74,0x61,0x62,0x6c,0x65,0x3e,0x3c,0x2f,0x74,0x64,
C51 COMPILER V9.01   FILESYS_3                                                             08/29/2011 15:28:02 PAGE 3   

 113          0x3e,0x0d,0x0a,0x3c,0x2f,0x74,0x72,0x3e,0x0d,0x0a,0x3c,0x74,0x72,0x3e,0x0d,0x0a,
 114          0x20,0x20,0x20,0x20,0x3c,0x74,0x64,0x20,0x63,0x6f,0x6c,0x73,0x70,0x61,0x6e,0x3d,
 115          0x22,0x32,0x22,0x20,0x61,0x6c,0x69,0x67,0x6e,0x3d,0x22,0x6c,0x65,0x66,0x74,0x22,
 116          0x20,0x62,0x67,0x63,0x6f,0x6c,0x6f,0x72,0x3d,0x22,0x23,0x43,0x30,0x43,0x30,0x43,
 117          0x30,0x22,0x3e,0x3c,0x74,0x61,0x62,0x6c,0x65,0x20,0x77,0x69,0x64,0x74,0x68,0x3d,
 118          0x22,0x32,0x30,0x22,0x20,0x62,0x6f,0x72,0x64,0x65,0x72,0x3d,0x22,0x30,0x22,0x20,
 119          0x63,0x65,0x6c,0x6c,0x70,0x61,0x64,0x64,0x69,0x6e,0x67,0x3d,0x22,0x30,0x22,0x20,
 120          0x63,0x65,0x6c,0x6c,0x73,0x70,0x61,0x63,0x69,0x6e,0x67,0x3d,0x22,0x30,0x22,0x3e,
 121          0x0d,0x0a,0x20,0x20,0x20,0x20,0x3c,0x74,0x72,0x3e,0x0d,0x0a,0x20,0x20,0x20,0x20,
 122          0x20,0x20,0x20,0x20,0x20,0x20,0x3c,0x74,0x64,0x3e,0x3c,0x64,0x69,0x76,0x20,0x63,
 123          0x6c,0x61,0x73,0x73,0x3d,0x22,0x6d,0x65,0x6e,0x75,0x69,0x74,0x65,0x6d,0x5f,0x31,
 124          0x22,0x3e,0x3c,0x61,0x20,0x68,0x72,0x65,0x66,0x3d,0x22,0x62,0x73,0x63,0x73,0x65,
 125          0x74,0x74,0x69,0x6e,0x67,0x2e,0x68,0x74,0x6d,0x22,0x3e,0x42,0x61,0x73,0x69,0x63,
 126          0x3c,0x2f,0x61,0x3e,0x3c,0x2f,0x64,0x69,0x76,0x3e,0x3c,0x2f,0x74,0x64,0x3e,0x0d,
 127          0x0a,0x20,0x20,0x20,0x20,0x20,0x20,0x20,0x20,0x20,0x20,0x3c,0x74,0x64,0x3e,0x3c,
 128          0x64,0x69,0x76,0x20,0x63,0x6c,0x61,0x73,0x73,0x3d,0x22,0x6d,0x65,0x6e,0x75,0x69,
 129          0x74,0x65,0x6d,0x5f,0x31,0x22,0x3e,0x3c,0x61,0x20,0x68,0x72,0x65,0x66,0x3d,0x22,
 130          0x61,0x64,0x76,0x73,0x65,0x74,0x74,0x69,0x6e,0x67,0x2e,0x68,0x74,0x6d,0x22,0x3e,
 131          0x41,0x64,0x76,0x61,0x6e,0x63,0x65,0x3c,0x2f,0x61,0x3e,0x3c,0x2f,0x64,0x69,0x76,
 132          0x3e,0x3c,0x2f,0x74,0x64,0x3e,0x0d,0x0a,0x20,0x20,0x20,0x20,0x20,0x20,0x20,0x20,
 133          0x20,0x20,0x3c,0x74,0x64,0x3e,0x3c,0x64,0x69,0x76,0x20,0x63,0x6c,0x61,0x73,0x73,
 134          0x3d,0x22,0x6d,0x65,0x6e,0x75,0x69,0x74,0x65,0x6d,0x5f,0x31,0x22,0x3e,0x3c,0x61,
 135          0x20,0x68,0x72,0x65,0x66,0x3d,0x22,0x73,0x65,0x63,0x75,0x72,0x69,0x74,0x79,0x2e,
 136          0x68,0x74,0x6d,0x22,0x3e,0x53,0x65,0x63,0x75,0x72,0x69,0x74,0x79,0x3c,0x2f,0x61,
 137          0x3e,0x3c,0x2f,0x64,0x69,0x76,0x3e,0x3c,0x2f,0x74,0x64,0x3e,0x0d,0x0a,0x20,0x20,
 138          0x20,0x20,0x20,0x20,0x20,0x20,0x20,0x20,0x3c,0x74,0x64,0x20,0x62,0x67,0x63,0x6f,
 139          0x6c,0x6f,0x72,0x3d,0x22,0x23,0x45,0x44,0x45,0x46,0x45,0x46,0x22,0x3e,0x3c,0x64,
 140          0x69,0x76,0x20,0x63,0x6c,0x61,0x73,0x73,0x3d,0x22,0x6d,0x65,0x6e,0x75,0x69,0x74,
 141          0x65,0x6d,0x5f,0x31,0x22,0x3e,0x3c,0x61,0x20,0x68,0x72,0x65,0x66,0x3d,0x22,0x77,
 142          0x69,0x66,0x69,0x73,0x65,0x74,0x74,0x69,0x6e,0x67,0x2e,0x68,0x74,0x6d,0x22,0x3e,
 143          0x57,0x69,0x46,0x69,0x3c,0x2f,0x61,0x3e,0x3c,0x2f,0x64,0x69,0x76,0x3e,0x3c,0x2f,
 144          0x74,0x64,0x3e,0x0d,0x0a,0x20,0x20,0x20,0x20,0x20,0x20,0x20,0x20,0x20,0x20,0x3c,
 145          0x74,0x64,0x3e,0x3c,0x64,0x69,0x76,0x20,0x63,0x6c,0x61,0x73,0x73,0x3d,0x22,0x6d,
 146          0x65,0x6e,0x75,0x69,0x74,0x65,0x6d,0x5f,0x31,0x22,0x3e,0x3c,0x61,0x20,0x68,0x72,
 147          0x65,0x66,0x3d,0x22,0x73,0x79,0x73,0x6d,0x6f,0x6e,0x69,0x74,0x6f,0x72,0x2e,0x68,
 148          0x74,0x6d,0x22,0x3e,0x53,0x74,0x61,0x74,0x75,0x73,0x3c,0x2f,0x61,0x3e,0x3c,0x2f,
 149          0x64,0x69,0x76,0x3e,0x3c,0x2f,0x74,0x64,0x3e,0x0d,0x0a,0x20,0x20,0x20,0x20,0x3c,
 150          0x2f,0x74,0x72,0x3e,0x0d,0x0a,0x20,0x20,0x20,0x20,0x3c,0x2f,0x74,0x61,0x62,0x6c,
 151          0x65,0x3e,0x3c,0x2f,0x74,0x64,0x3e,0x0d,0x0a,0x3c,0x2f,0x74,0x72,0x3e,0x0d,0x0a,
 152          0x3c,0x66,0x6f,0x72,0x6d,0x20,0x6d,0x65,0x74,0x68,0x6f,0x64,0x3d,0x22,0x50,0x4f,
 153          0x53,0x54,0x22,0x20,0x6f,0x6e,0x73,0x75,0x62,0x6d,0x69,0x74,0x3d,0x22,0x72,0x65,
 154          0x74,0x75,0x72,0x6e,0x20,0x63,0x68,0x6b,0x46,0x6f,0x72,0x6d,0x28,0x30,0x29,0x3b,
 155          0x22,0x3e,0x20,0x20,0x0d,0x0a,0x3c,0x74,0x72,0x3e,0x0d,0x0a,0x20,0x20,0x20,0x20,
 156          0x3c,0x74,0x64,0x20,0x63,0x6f,0x6c,0x73,0x70,0x61,0x6e,0x3d,0x22,0x32,0x22,0x20,
 157          0x62,0x67,0x63,0x6f,0x6c,0x6f,0x72,0x3d,0x22,0x23,0x45,0x44,0x45,0x46,0x45,0x46,
 158          0x22,0x3e,0x3c,0x64,0x69,0x76,0x20,0x63,0x6c,0x61,0x73,0x73,0x3d,0x22,0x73,0x75,
 159          0x62,0x69,0x74,0x65,0x6d,0x5f,0x31,0x22,0x3e,0x53,0x79,0x73,0x74,0x65,0x6d,0x20,
 160          0x53,0x65,0x74,0x74,0x69,0x6e,0x67,0x73,0x3c,0x2f,0x64,0x69,0x76,0x3e,0x3c,0x2f,
 161          0x74,0x64,0x3e,0x0d,0x0a,0x3c,0x2f,0x74,0x72,0x3e,0x0d,0x0a,0x3c,0x74,0x72,0x3e,
 162          0x0d,0x0a,0x20,0x20,0x20,0x20,0x3c,0x74,0x64,0x20,0x62,0x67,0x63,0x6f,0x6c,0x6f,
 163          0x72,0x3d,0x22,0x23,0x45,0x44,0x45,0x46,0x45,0x46,0x22,0x3e,0x3c,0x64,0x69,0x76,
 164          0x20,0x63,0x6c,0x61,0x73,0x73,0x3d,0x22,0x69,0x74,0x65,0x6d,0x5f,0x31,0x22,0x3e,
 165          0x4e,0x65,0x74,0x77,0x6f,0x72,0x6b,0x20,0x4d,0x6f,0x64,0x65,0x3c,0x2f,0x64,0x69,
 166          0x76,0x3e,0x3c,0x2f,0x74,0x64,0x3e,0x0d,0x0a,0x20,0x20,0x20,0x20,0x3c,0x74,0x64,
 167          0x20,0x62,0x67,0x63,0x6f,0x6c,0x6f,0x72,0x3d,0x22,0x23,0x45,0x44,0x45,0x46,0x45,
 168          0x46,0x22,0x3e,0x3c,0x73,0x65,0x6c,0x65,0x63,0x74,0x20,0x6e,0x61,0x6d,0x65,0x3d,
 169          0x22,0x6e,0x65,0x74,0x77,0x6f,0x72,0x6b,0x5f,0x6d,0x6f,0x64,0x65,0x22,0x20,0x63,
 170          0x6c,0x61,0x73,0x73,0x3d,0x22,0x69,0x74,0x65,0x6d,0x5f,0x32,0x22,0x20,0x73,0x74,
 171          0x79,0x6c,0x65,0x3d,0x22,0x57,0x49,0x44,0x54,0x48,0x3a,0x20,0x31,0x35,0x30,0x70,
 172          0x78,0x22,0x3e,0x0d,0x0a,0x20,0x20,0x20,0x20,0x20,0x20,0x3c,0x6f,0x70,0x74,0x69,
 173          0x6f,0x6e,0x20,0x76,0x61,0x6c,0x75,0x65,0x3d,0x22,0x30,0x22,0x20,0x73,0x65,0x6c,
 174          0x65,0x63,0x74,0x65,0x64,0x20,0x3e,0x49,0x6e,0x66,0x72,0x61,0x73,0x74,0x72,0x75,
C51 COMPILER V9.01   FILESYS_3                                                             08/29/2011 15:28:02 PAGE 4   

 175          0x63,0x74,0x75,0x72,0x65,0x3c,0x2f,0x6f,0x70,0x74,0x69,0x6f,0x6e,0x3e,0x0d,0x0a,
 176          0x20,0x20,0x20,0x20,0x20,0x20,0x3c,0x6f,0x70,0x74,0x69,0x6f,0x6e,0x20,0x76,0x61,
 177          0x6c,0x75,0x65,0x3d,0x22,0x31,0x22,0x20,0x20,0x20,0x20,0x20,0x20,0x20,0x20,0x20,
 178          0x20,0x3e,0x41,0x64,0x20,0x68,0x6f,0x63,0x3c,0x2f,0x6f,0x70,0x74,0x69,0x6f,0x6e,
 179          0x3e,0x0d,0x0a,0x20,0x20,0x20,0x20,0x3c,0x2f,0x73,0x65,0x6c,0x65,0x63,0x74,0x3e,
 180          0x3c,0x2f,0x74,0x64,0x3e,0x0d,0x0a,0x3c,0x2f,0x74,0x72,0x3e,0x0d,0x0a,0x3c,0x74,
 181          0x72,0x3e,0x0d,0x0a,0x20,0x20,0x20,0x20,0x3c,0x74,0x64,0x20,0x62,0x67,0x63,0x6f,
 182          0x6c,0x6f,0x72,0x3d,0x22,0x23,0x45,0x44,0x45,0x46,0x45,0x46,0x22,0x3e,0x3c,0x64,
 183          0x69,0x76,0x20,0x63,0x6c,0x61,0x73,0x73,0x3d,0x22,0x69,0x74,0x65,0x6d,0x5f,0x31,
 184          0x22,0x3e,0x43,0x68,0x61,0x6e,0x6e,0x65,0x6c,0x3c,0x2f,0x64,0x69,0x76,0x3e,0x3c,
 185          0x2f,0x74,0x64,0x3e,0x0d,0x0a,0x20,0x20,0x20,0x20,0x3c,0x74,0x64,0x20,0x62,0x67,
 186          0x63,0x6f,0x6c,0x6f,0x72,0x3d,0x22,0x23,0x45,0x44,0x45,0x46,0x45,0x46,0x22,0x3e,
 187          0x3c,0x73,0x65,0x6c,0x65,0x63,0x74,0x20,0x6e,0x61,0x6d,0x65,0x3d,0x22,0x63,0x68,
 188          0x61,0x6e,0x6e,0x65,0x6c,0x22,0x20,0x63,0x6c,0x61,0x73,0x73,0x3d,0x22,0x69,0x74,
 189          0x65,0x6d,0x5f,0x32,0x22,0x20,0x73,0x74,0x79,0x6c,0x65,0x3d,0x22,0x57,0x49,0x44,
 190          0x54,0x48,0x3a,0x20,0x31,0x35,0x30,0x70,0x78,0x22,0x3e,0x0d,0x0a,0x20,0x20,0x20,
 191          0x20,0x20,0x20,0x3c,0x6f,0x70,0x74,0x69,0x6f,0x6e,0x20,0x76,0x61,0x6c,0x75,0x65,
 192          0x3d,0x22,0x30,0x22,0x20,0x73,0x65,0x6c,0x65,0x63,0x74,0x65,0x64,0x20,0x3e,0x41,
 193          0x75,0x74,0x6f,0x3c,0x2f,0x6f,0x70,0x74,0x69,0x6f,0x6e,0x3e,0x0d,0x0a,0x20,0x20,
 194          0x20,0x20,0x20,0x20,0x3c,0x6f,0x70,0x74,0x69,0x6f,0x6e,0x20,0x76,0x61,0x6c,0x75,
 195          0x65,0x3d,0x22,0x31,0x22,0x20,0x20,0x20,0x20,0x20,0x20,0x20,0x20,0x20,0x20,0x3e,
 196          0x31,0x3c,0x2f,0x6f,0x70,0x74,0x69,0x6f,0x6e,0x3e,0x0d,0x0a,0x20,0x20,0x20,0x20,
 197          0x20,0x20,0x3c,0x6f,0x70,0x74,0x69,0x6f,0x6e,0x20,0x76,0x61,0x6c,0x75,0x65,0x3d,
 198          0x22,0x32,0x22,0x20,0x20,0x20,0x20,0x20,0x20,0x20,0x20,0x20,0x20,0x3e,0x32,0x3c,
 199          0x2f,0x6f,0x70,0x74,0x69,0x6f,0x6e,0x3e,0x0d,0x0a,0x20,0x20,0x20,0x20,0x20,0x20,
 200          0x3c,0x6f,0x70,0x74,0x69,0x6f,0x6e,0x20,0x76,0x61,0x6c,0x75,0x65,0x3d,0x22,0x33,
 201          0x22,0x20,0x20,0x20,0x20,0x20,0x20,0x20,0x20,0x20,0x20,0x3e,0x33,0x3c,0x2f,0x6f,
 202          0x70,0x74,0x69,0x6f,0x6e,0x3e,0x0d,0x0a,0x20,0x20,0x20,0x20,0x20,0x20,0x3c,0x6f,
 203          0x70,0x74,0x69,0x6f,0x6e,0x20,0x76,0x61,0x6c,0x75,0x65,0x3d,0x22,0x34,0x22,0x20,
 204          0x20,0x20,0x20,0x20,0x20,0x20,0x20,0x20,0x20,0x3e,0x34,0x3c,0x2f,0x6f,0x70,0x74,
 205          0x69,0x6f,0x6e,0x3e,0x0d,0x0a,0x20,0x20,0x20,0x20,0x20,0x20,0x3c,0x6f,0x70,0x74,
 206          0x69,0x6f,0x6e,0x20,0x76,0x61,0x6c,0x75,0x65,0x3d,0x22,0x35,0x22,0x20,0x20,0x20,
 207          0x20,0x20,0x20,0x20,0x20,0x20,0x20,0x3e,0x35,0x3c,0x2f,0x6f,0x70,0x74,0x69,0x6f,
 208          0x6e,0x3e,0x0d,0x0a,0x20,0x20,0x20,0x20,0x20,0x20,0x3c,0x6f,0x70,0x74,0x69,0x6f,
 209          0x6e,0x20,0x76,0x61,0x6c,0x75,0x65,0x3d,0x22,0x36,0x22,0x20,0x20,0x20,0x20,0x20,
 210          0x20,0x20,0x20,0x20,0x20,0x3e,0x36,0x3c,0x2f,0x6f,0x70,0x74,0x69,0x6f,0x6e,0x3e,
 211          0x0d,0x0a,0x20,0x20,0x20,0x20,0x20,0x20,0x3c,0x6f,0x70,0x74,0x69,0x6f,0x6e,0x20,
 212          0x76,0x61,0x6c,0x75,0x65,0x3d,0x22,0x37,0x22,0x20,0x20,0x20,0x20,0x20,0x20,0x20,
 213          0x20,0x20,0x20,0x3e,0x37,0x3c,0x2f,0x6f,0x70,0x74,0x69,0x6f,0x6e,0x3e,0x0d,0x0a,
 214          0x20,0x20,0x20,0x20,0x20,0x20,0x3c,0x6f,0x70,0x74,0x69,0x6f,0x6e,0x20,0x76,0x61,
 215          0x6c,0x75,0x65,0x3d,0x22,0x38,0x22,0x20,0x20,0x20,0x20,0x20,0x20,0x20,0x20,0x20,
 216          0x20,0x3e,0x38,0x3c,0x2f,0x6f,0x70,0x74,0x69,0x6f,0x6e,0x3e,0x0d,0x0a,0x20,0x20,
 217          0x20,0x20,0x20,0x20,0x3c,0x6f,0x70,0x74,0x69,0x6f,0x6e,0x20,0x76,0x61,0x6c,0x75,
 218          0x65,0x3d,0x22,0x39,0x22,0x20,0x20,0x20,0x20,0x20,0x20,0x20,0x20,0x20,0x20,0x3e,
 219          0x39,0x3c,0x2f,0x6f,0x70,0x74,0x69,0x6f,0x6e,0x3e,0x0d,0x0a,0x20,0x20,0x20,0x20,
 220          0x20,0x20,0x3c,0x6f,0x70,0x74,0x69,0x6f,0x6e,0x20,0x76,0x61,0x6c,0x75,0x65,0x3d,
 221          0x22,0x31,0x30,0x22,0x20,0x20,0x20,0x20,0x20,0x20,0x20,0x20,0x20,0x3e,0x31,0x30,
 222          0x3c,0x2f,0x6f,0x70,0x74,0x69,0x6f,0x6e,0x3e,0x0d,0x0a,0x20,0x20,0x20,0x20,0x20,
 223          0x20,0x3c,0x6f,0x70,0x74,0x69,0x6f,0x6e,0x20,0x76,0x61,0x6c,0x75,0x65,0x3d,0x22,
 224          0x31,0x31,0x22,0x20,0x20,0x20,0x20,0x20,0x20,0x20,0x20,0x20,0x3e,0x31,0x31,0x3c,
 225          0x2f,0x6f,0x70,0x74,0x69,0x6f,0x6e,0x3e,0x0d,0x0a,0x20,0x20,0x20,0x20,0x3c,0x2f,
 226          0x73,0x65,0x6c,0x65,0x63,0x74,0x3e,0x3c,0x2f,0x74,0x64,0x3e,0x0d,0x0a,0x3c,0x2f,
 227          0x74,0x72,0x3e,0x0d,0x0a,0x3c,0x74,0x72,0x3e,0x0d,0x0a,0x20,0x20,0x20,0x20,0x3c,
 228          0x74,0x64,0x20,0x62,0x67,0x63,0x6f,0x6c,0x6f,0x72,0x3d,0x22,0x23,0x45,0x44,0x45,
 229          0x46,0x45,0x46,0x22,0x3e,0x3c,0x64,0x69,0x76,0x20,0x63,0x6c,0x61,0x73,0x73,0x3d,
 230          0x22,0x69,0x74,0x65,0x6d,0x5f,0x31,0x22,0x3e,0x53,0x65,0x72,0x76,0x69,0x63,0x65,
 231          0x20,0x41,0x72,0x65,0x61,0x20,0x4e,0x61,0x6d,0x65,0x2f,0x53,0x53,0x49,0x44,0x3c,
 232          0x2f,0x64,0x69,0x76,0x3e,0x3c,0x2f,0x74,0x64,0x3e,0x0d,0x0a,0x20,0x20,0x20,0x20,
 233          0x3c,0x74,0x64,0x20,0x62,0x67,0x63,0x6f,0x6c,0x6f,0x72,0x3d,0x22,0x23,0x45,0x44,
 234          0x45,0x46,0x45,0x46,0x22,0x3e,0x3c,0x69,0x6e,0x70,0x75,0x74,0x20,0x6e,0x61,0x6d,
 235          0x65,0x3d,0x22,0x73,0x73,0x69,0x64,0x22,0x20,0x74,0x79,0x70,0x65,0x3d,0x22,0x74,
 236          0x65,0x78,0x74,0x22,0x20,0x63,0x6c,0x61,0x73,0x73,0x3d,0x22,0x69,0x74,0x65,0x6d,
C51 COMPILER V9.01   FILESYS_3                                                             08/29/2011 15:28:02 PAGE 5   

 237          0x5f,0x32,0x22,0x20,0x73,0x74,0x79,0x6c,0x65,0x3d,0x22,0x77,0x69,0x64,0x74,0x68,
 238          0x3a,0x20,0x31,0x35,0x30,0x70,0x78,0x22,0x20,0x76,0x61,0x6c,0x75,0x65,0x3d,0x22,
 239          0x61,0x73,0x69,0x78,0x74,0x65,0x73,0x74,0x22,0x20,0x6d,0x61,0x78,0x6c,0x65,0x6e,
 240          0x67,0x74,0x68,0x3d,0x22,0x33,0x32,0x22,0x2f,0x3e,0x3c,0x2f,0x74,0x64,0x3e,0x0d,
 241          0x0a,0x3c,0x2f,0x74,0x72,0x3e,0x0d,0x0a,0x3c,0x74,0x72,0x3e,0x0d,0x0a,0x20,0x20,
 242          0x20,0x20,0x3c,0x74,0x64,0x20,0x62,0x67,0x63,0x6f,0x6c,0x6f,0x72,0x3d,0x22,0x23,
 243          0x45,0x44,0x45,0x46,0x45,0x46,0x22,0x3e,0x3c,0x64,0x69,0x76,0x20,0x63,0x6c,0x61,
 244          0x73,0x73,0x3d,0x22,0x69,0x74,0x65,0x6d,0x5f,0x31,0x22,0x3e,0x53,0x65,0x63,0x75,
 245          0x72,0x69,0x74,0x79,0x20,0x4d,0x6f,0x64,0x65,0x3c,0x2f,0x64,0x69,0x76,0x3e,0x3c,
 246          0x2f,0x74,0x64,0x3e,0x0d,0x0a,0x20,0x20,0x20,0x20,0x3c,0x74,0x64,0x20,0x62,0x67,
 247          0x63,0x6f,0x6c,0x6f,0x72,0x3d,0x22,0x23,0x45,0x44,0x45,0x46,0x45,0x46,0x22,0x3e,
 248          0x3c,0x73,0x65,0x6c,0x65,0x63,0x74,0x20,0x6e,0x61,0x6d,0x65,0x3d,0x22,0x73,0x65,
 249          0x63,0x75,0x72,0x69,0x74,0x79,0x5f,0x6d,0x6f,0x64,0x65,0x22,0x20,0x63,0x6c,0x61,
 250          0x73,0x73,0x3d,0x22,0x69,0x74,0x65,0x6d,0x5f,0x32,0x22,0x20,0x73,0x74,0x79,0x6c,
 251          0x65,0x3d,0x22,0x57,0x49,0x44,0x54,0x48,0x3a,0x20,0x31,0x35,0x30,0x70,0x78,0x22,
 252          0x3e,0x0d,0x0a,0x20,0x20,0x20,0x20,0x20,0x20,0x3c,0x6f,0x70,0x74,0x69,0x6f,0x6e,
 253          0x20,0x76,0x61,0x6c,0x75,0x65,0x3d,0x22,0x30,0x22,0x20,0x73,0x65,0x6c,0x65,0x63,
 254          0x74,0x65,0x64,0x20,0x3e,0x4e,0x6f,0x20,0x53,0x65,0x63,0x75,0x72,0x69,0x74,0x79,
 255          0x3c,0x2f,0x6f,0x70,0x74,0x69,0x6f,0x6e,0x3e,0x0d,0x0a,0x20,0x20,0x20,0x20,0x20,
 256          0x20,0x3c,0x6f,0x70,0x74,0x69,0x6f,0x6e,0x20,0x76,0x61,0x6c,0x75,0x65,0x3d,0x22,
 257          0x31,0x22,0x20,0x20,0x20,0x20,0x20,0x20,0x20,0x20,0x20,0x20,0x3e,0x57,0x45,0x50,
 258          0x20,0x36,0x34,0x3c,0x2f,0x6f,0x70,0x74,0x69,0x6f,0x6e,0x3e,0x0d,0x0a,0x20,0x20,
 259          0x20,0x20,0x20,0x20,0x3c,0x6f,0x70,0x74,0x69,0x6f,0x6e,0x20,0x76,0x61,0x6c,0x75,
 260          0x65,0x3d,0x22,0x32,0x22,0x20,0x20,0x20,0x20,0x20,0x20,0x20,0x20,0x20,0x20,0x3e,
 261          0x57,0x45,0x50,0x20,0x31,0x32,0x38,0x3c,0x2f,0x6f,0x70,0x74,0x69,0x6f,0x6e,0x3e,
 262          0x0d,0x0a,0x20,0x20,0x20,0x20,0x20,0x20,0x3c,0x6f,0x70,0x74,0x69,0x6f,0x6e,0x20,
 263          0x76,0x61,0x6c,0x75,0x65,0x3d,0x22,0x33,0x22,0x20,0x20,0x20,0x20,0x20,0x20,0x20,
 264          0x20,0x20,0x20,0x3e,0x54,0x4b,0x49,0x50,0x3c,0x2f,0x6f,0x70,0x74,0x69,0x6f,0x6e,
 265          0x3e,0x0d,0x0a,0x20,0x20,0x20,0x20,0x20,0x20,0x3c,0x6f,0x70,0x74,0x69,0x6f,0x6e,
 266          0x20,0x76,0x61,0x6c,0x75,0x65,0x3d,0x22,0x34,0x22,0x20,0x20,0x20,0x20,0x20,0x20,
 267          0x20,0x20,0x20,0x20,0x3e,0x41,0x45,0x53,0x3c,0x2f,0x6f,0x70,0x74,0x69,0x6f,0x6e,
 268          0x3e,0x0d,0x0a,0x20,0x20,0x20,0x20,0x3c,0x2f,0x73,0x65,0x6c,0x65,0x63,0x74,0x3e,
 269          0x3c,0x2f,0x74,0x64,0x3e,0x0d,0x0a,0x3c,0x2f,0x74,0x72,0x3e,0x0d,0x0a,0x3c,0x74,
 270          0x72,0x3e,0x0d,0x0a,0x09,0x3c,0x74,0x64,0x20,0x62,0x67,0x63,0x6f,0x6c,0x6f,0x72,
 271          0x3d,0x22,0x23,0x45,0x44,0x45,0x46,0x45,0x46,0x22,0x3e,0x3c,0x64,0x69,0x76,0x20,
 272          0x63,0x6c,0x61,0x73,0x73,0x3d,0x22,0x69,0x74,0x65,0x6d,0x5f,0x31,0x22,0x3e,0x3c,
 273          0x2f,0x64,0x69,0x76,0x3e,0x3c,0x2f,0x74,0x64,0x3e,0x0d,0x0a,0x20,0x20,0x20,0x20,
 274          0x3c,0x74,0x64,0x20,0x62,0x67,0x63,0x6f,0x6c,0x6f,0x72,0x3d,0x22,0x23,0x45,0x44,
 275          0x45,0x46,0x45,0x46,0x22,0x3e,0x0d,0x0a,0x09,0x3c,0x69,0x6e,0x70,0x75,0x74,0x20,
 276          0x6e,0x61,0x6d,0x65,0x3d,0x22,0x41,0x70,0x70,0x6c,0x79,0x22,0x20,0x74,0x79,0x70,
 277          0x65,0x3d,0x22,0x73,0x75,0x62,0x6d,0x69,0x74,0x22,0x20,0x63,0x6c,0x61,0x73,0x73,
 278          0x3d,0x22,0x69,0x74,0x65,0x6d,0x5f,0x32,0x22,0x20,0x73,0x74,0x79,0x6c,0x65,0x3d,
 279          0x22,0x57,0x49,0x44,0x54,0x48,0x3a,0x20,0x36,0x30,0x70,0x78,0x3b,0x20,0x48,0x45,
 280          0x49,0x47,0x48,0x54,0x3a,0x20,0x32,0x34,0x70,0x78,0x3b,0x22,0x20,0x76,0x61,0x6c,
 281          0x75,0x65,0x3d,0x22,0x41,0x70,0x70,0x6c,0x79,0x22,0x20,0x6f,0x6e,0x63,0x6c,0x69,
 282          0x63,0x6b,0x3d,0x22,0x73,0x65,0x74,0x53,0x75,0x62,0x6d,0x69,0x74,0x54,0x79,0x70,
 283          0x65,0x28,0x31,0x29,0x22,0x20,0x2f,0x3e,0x0d,0x0a,0x09,0x3c,0x69,0x6e,0x70,0x75,
 284          0x74,0x20,0x6e,0x61,0x6d,0x65,0x3d,0x22,0x43,0x61,0x6e,0x63,0x65,0x6c,0x22,0x20,
 285          0x74,0x79,0x70,0x65,0x3d,0x22,0x72,0x65,0x73,0x65,0x74,0x22,0x20,0x63,0x6c,0x61,
 286          0x73,0x73,0x3d,0x22,0x69,0x74,0x65,0x6d,0x5f,0x32,0x22,0x20,0x73,0x74,0x79,0x6c,
 287          0x65,0x3d,0x22,0x57,0x49,0x44,0x54,0x48,0x3a,0x20,0x36,0x30,0x70,0x78,0x3b,0x20,
 288          0x48,0x45,0x49,0x47,0x48,0x54,0x3a,0x20,0x32,0x34,0x70,0x78,0x3b,0x22,0x20,0x76,
 289          0x61,0x6c,0x75,0x65,0x3d,0x22,0x43,0x61,0x6e,0x63,0x65,0x6c,0x22,0x20,0x2f,0x3e,
 290          0x0d,0x0a,0x09,0x3c,0x2f,0x74,0x64,0x3e,0x0d,0x0a,0x3c,0x2f,0x74,0x72,0x3e,0x0d,
 291          0x0a,0x3c,0x2f,0x66,0x6f,0x72,0x6d,0x3e,0x0d,0x0a,0x3c,0x66,0x6f,0x72,0x6d,0x20,
 292          0x6d,0x65,0x74,0x68,0x6f,0x64,0x3d,0x22,0x50,0x4f,0x53,0x54,0x22,0x20,0x6f,0x6e,
 293          0x73,0x75,0x62,0x6d,0x69,0x74,0x3d,0x22,0x72,0x65,0x74,0x75,0x72,0x6e,0x20,0x63,
 294          0x68,0x6b,0x46,0x6f,0x72,0x6d,0x28,0x31,0x29,0x3b,0x22,0x3e,0x20,0x20,0x0d,0x0a,
 295          0x3c,0x74,0x72,0x3e,0x0d,0x0a,0x20,0x20,0x20,0x20,0x3c,0x74,0x64,0x20,0x63,0x6f,
 296          0x6c,0x73,0x70,0x61,0x6e,0x3d,0x22,0x32,0x22,0x20,0x62,0x67,0x63,0x6f,0x6c,0x6f,
 297          0x72,0x3d,0x22,0x23,0x45,0x44,0x45,0x46,0x45,0x46,0x22,0x3e,0x3c,0x64,0x69,0x76,
 298          0x20,0x63,0x6c,0x61,0x73,0x73,0x3d,0x22,0x73,0x75,0x62,0x69,0x74,0x65,0x6d,0x5f,
C51 COMPILER V9.01   FILESYS_3                                                             08/29/2011 15:28:02 PAGE 6   

 299          0x31,0x22,0x3e,0x57,0x45,0x50,0x20,0x45,0x6e,0x63,0x72,0x79,0x70,0x74,0x69,0x6f,
 300          0x6e,0x20,0x4b,0x65,0x79,0x20,0x53,0x65,0x74,0x74,0x69,0x6e,0x67,0x73,0x3c,0x2f,
 301          0x64,0x69,0x76,0x3e,0x3c,0x2f,0x74,0x64,0x3e,0x0d,0x0a,0x3c,0x2f,0x74,0x72,0x3e,
 302          0x0d,0x0a,0x3c,0x74,0x72,0x3e,0x0d,0x0a,0x20,0x20,0x20,0x20,0x3c,0x74,0x64,0x20,
 303          0x62,0x67,0x63,0x6f,0x6c,0x6f,0x72,0x3d,0x22,0x23,0x45,0x44,0x45,0x46,0x45,0x46,
 304          0x22,0x3e,0x3c,0x64,0x69,0x76,0x20,0x63,0x6c,0x61,0x73,0x73,0x3d,0x22,0x69,0x74,
 305          0x65,0x6d,0x5f,0x31,0x22,0x3e,0x4b,0x65,0x79,0x20,0x4c,0x65,0x6e,0x67,0x74,0x68,
 306          0x3c,0x2f,0x64,0x69,0x76,0x3e,0x3c,0x2f,0x74,0x64,0x3e,0x0d,0x0a,0x20,0x20,0x20,
 307          0x20,0x3c,0x74,0x64,0x20,0x62,0x67,0x63,0x6f,0x6c,0x6f,0x72,0x3d,0x22,0x23,0x45,
 308          0x44,0x45,0x46,0x45,0x46,0x22,0x3e,0x3c,0x73,0x65,0x6c,0x65,0x63,0x74,0x20,0x6e,
 309          0x61,0x6d,0x65,0x3d,0x22,0x6b,0x65,0x79,0x5f,0x6c,0x65,0x6e,0x67,0x74,0x68,0x22,
 310          0x20,0x69,0x64,0x3d,0x22,0x6b,0x65,0x79,0x5f,0x6c,0x65,0x6e,0x67,0x74,0x68,0x22,
 311          0x20,0x63,0x6c,0x61,0x73,0x73,0x3d,0x22,0x69,0x74,0x65,0x6d,0x5f,0x32,0x22,0x20,
 312          0x73,0x74,0x79,0x6c,0x65,0x3d,0x22,0x57,0x49,0x44,0x54,0x48,0x3a,0x20,0x31,0x35,
 313          0x30,0x70,0x78,0x22,0x20,0x6f,0x6e,0x63,0x68,0x61,0x6e,0x67,0x65,0x3d,0x22,0x66,
 314          0x69,0x6c,0x6c,0x77,0x65,0x70,0x28,0x29,0x22,0x3e,0x0d,0x0a,0x20,0x20,0x20,0x20,
 315          0x20,0x20,0x3c,0x6f,0x70,0x74,0x69,0x6f,0x6e,0x20,0x76,0x61,0x6c,0x75,0x65,0x3d,
 316          0x22,0x30,0x22,0x20,0x73,0x65,0x6c,0x65,0x63,0x74,0x65,0x64,0x20,0x3e,0x36,0x34,
 317          0x20,0x62,0x69,0x74,0x73,0x3c,0x2f,0x6f,0x70,0x74,0x69,0x6f,0x6e,0x3e,0x0d,0x0a,
 318          0x20,0x20,0x20,0x20,0x20,0x20,0x3c,0x6f,0x70,0x74,0x69,0x6f,0x6e,0x20,0x76,0x61,
 319          0x6c,0x75,0x65,0x3d,0x22,0x31,0x22,0x20,0x20,0x20,0x20,0x20,0x20,0x20,0x20,0x20,
 320          0x20,0x3e,0x31,0x32,0x38,0x20,0x62,0x69,0x74,0x73,0x3c,0x2f,0x6f,0x70,0x74,0x69,
 321          0x6f,0x6e,0x3e,0x0d,0x0a,0x20,0x20,0x20,0x20,0x3c,0x2f,0x73,0x65,0x6c,0x65,0x63,
 322          0x74,0x3e,0x3c,0x2f,0x74,0x64,0x3e,0x0d,0x0a,0x3c,0x2f,0x74,0x72,0x3e,0x0d,0x0a,
 323          0x3c,0x74,0x72,0x3e,0x0d,0x0a,0x20,0x20,0x20,0x20,0x3c,0x74,0x64,0x20,0x62,0x67,
 324          0x63,0x6f,0x6c,0x6f,0x72,0x3d,0x22,0x23,0x45,0x44,0x45,0x46,0x45,0x46,0x22,0x3e,
 325          0x3c,0x64,0x69,0x76,0x20,0x63,0x6c,0x61,0x73,0x73,0x3d,0x22,0x69,0x74,0x65,0x6d,
 326          0x5f,0x31,0x22,0x3e,0x4b,0x65,0x79,0x20,0x49,0x6e,0x64,0x65,0x78,0x20,0x53,0x65,
 327          0x6c,0x65,0x63,0x74,0x3c,0x2f,0x64,0x69,0x76,0x3e,0x3c,0x2f,0x74,0x64,0x3e,0x0d,
 328          0x0a,0x20,0x20,0x20,0x20,0x3c,0x74,0x64,0x20,0x62,0x67,0x63,0x6f,0x6c,0x6f,0x72,
 329          0x3d,0x22,0x23,0x45,0x44,0x45,0x46,0x45,0x46,0x22,0x3e,0x3c,0x73,0x65,0x6c,0x65,
 330          0x63,0x74,0x20,0x6e,0x61,0x6d,0x65,0x3d,0x22,0x6b,0x65,0x79,0x5f,0x69,0x6e,0x64,
 331          0x65,0x78,0x22,0x20,0x63,0x6c,0x61,0x73,0x73,0x3d,0x22,0x69,0x74,0x65,0x6d,0x5f,
 332          0x32,0x22,0x20,0x73,0x74,0x79,0x6c,0x65,0x3d,0x22,0x57,0x49,0x44,0x54,0x48,0x3a,
 333          0x20,0x31,0x35,0x30,0x70,0x78,0x22,0x3e,0x0d,0x0a,0x20,0x20,0x20,0x20,0x20,0x20,
 334          0x3c,0x6f,0x70,0x74,0x69,0x6f,0x6e,0x20,0x76,0x61,0x6c,0x75,0x65,0x3d,0x22,0x30,
 335          0x22,0x20,0x73,0x65,0x6c,0x65,0x63,0x74,0x65,0x64,0x20,0x3e,0x4b,0x65,0x79,0x20,
 336          0x49,0x6e,0x64,0x65,0x78,0x20,0x30,0x3c,0x2f,0x6f,0x70,0x74,0x69,0x6f,0x6e,0x3e,
 337          0x0d,0x0a,0x20,0x20,0x20,0x20,0x20,0x20,0x3c,0x6f,0x70,0x74,0x69,0x6f,0x6e,0x20,
 338          0x76,0x61,0x6c,0x75,0x65,0x3d,0x22,0x31,0x22,0x20,0x20,0x20,0x20,0x20,0x20,0x20,
 339          0x20,0x20,0x20,0x3e,0x4b,0x65,0x79,0x20,0x49,0x6e,0x64,0x65,0x78,0x20,0x31,0x3c,
 340          0x2f,0x6f,0x70,0x74,0x69,0x6f,0x6e,0x3e,0x0d,0x0a,0x20,0x20,0x20,0x20,0x20,0x20,
 341          0x3c,0x6f,0x70,0x74,0x69,0x6f,0x6e,0x20,0x76,0x61,0x6c,0x75,0x65,0x3d,0x22,0x32,
 342          0x22,0x20,0x20,0x20,0x20,0x20,0x20,0x20,0x20,0x20,0x20,0x3e,0x4b,0x65,0x79,0x20,
 343          0x49,0x6e,0x64,0x65,0x78,0x20,0x32,0x3c,0x2f,0x6f,0x70,0x74,0x69,0x6f,0x6e,0x3e,
 344          0x0d,0x0a,0x20,0x20,0x20,0x20,0x20,0x20,0x3c,0x6f,0x70,0x74,0x69,0x6f,0x6e,0x20,
 345          0x76,0x61,0x6c,0x75,0x65,0x3d,0x22,0x33,0x22,0x20,0x20,0x20,0x20,0x20,0x20,0x20,
 346          0x20,0x20,0x20,0x3e,0x4b,0x65,0x79,0x20,0x49,0x6e,0x64,0x65,0x78,0x20,0x33,0x3c,
 347          0x2f,0x6f,0x70,0x74,0x69,0x6f,0x6e,0x3e,0x0d,0x0a,0x20,0x20,0x20,0x20,0x3c,0x2f,
 348          0x73,0x65,0x6c,0x65,0x63,0x74,0x3e,0x3c,0x2f,0x74,0x64,0x3e,0x0d,0x0a,0x3c,0x2f,
 349          0x74,0x72,0x3e,0x0d,0x0a,0x3c,0x74,0x72,0x3e,0x0d,0x0a,0x20,0x20,0x20,0x20,0x3c,
 350          0x74,0x64,0x20,0x62,0x67,0x63,0x6f,0x6c,0x6f,0x72,0x3d,0x22,0x23,0x45,0x44,0x45,
 351          0x46,0x45,0x46,0x22,0x3e,0x3c,0x64,0x69,0x76,0x20,0x63,0x6c,0x61,0x73,0x73,0x3d,
 352          0x22,0x69,0x74,0x65,0x6d,0x5f,0x31,0x22,0x3e,0x4b,0x65,0x79,0x20,0x49,0x6e,0x64,
 353          0x65,0x78,0x20,0x30,0x3c,0x2f,0x64,0x69,0x76,0x3e,0x3c,0x2f,0x74,0x64,0x3e,0x0d,
 354          0x0a,0x20,0x20,0x20,0x20,0x3c,0x74,0x64,0x20,0x62,0x67,0x63,0x6f,0x6c,0x6f,0x72,
 355          0x3d,0x22,0x23,0x45,0x44,0x45,0x46,0x45,0x46,0x22,0x3e,0x3c,0x69,0x6e,0x70,0x75,
 356          0x74,0x20,0x6e,0x61,0x6d,0x65,0x3d,0x22,0x6b,0x65,0x79,0x5f,0x69,0x6e,0x64,0x65,
 357          0x78,0x5f,0x30,0x22,0x20,0x69,0x64,0x3d,0x22,0x6b,0x65,0x79,0x5f,0x69,0x6e,0x64,
 358          0x65,0x78,0x5f,0x30,0x22,0x20,0x74,0x79,0x70,0x65,0x3d,0x22,0x74,0x65,0x78,0x74,
 359          0x22,0x20,0x63,0x6c,0x61,0x73,0x73,0x3d,0x22,0x69,0x74,0x65,0x6d,0x5f,0x32,0x22,
 360          0x20,0x73,0x74,0x79,0x6c,0x65,0x3d,0x22,0x77,0x69,0x64,0x74,0x68,0x3a,0x20,0x33,
C51 COMPILER V9.01   FILESYS_3                                                             08/29/2011 15:28:02 PAGE 7   

 361          0x30,0x30,0x70,0x78,0x22,0x20,0x76,0x61,0x6c,0x75,0x65,0x3d,0x22,0x22,0x20,0x6d,
 362          0x61,0x78,0x6c,0x65,0x6e,0x67,0x74,0x68,0x3d,0x22,0x32,0x36,0x22,0x20,0x2f,0x3e,
 363          0x3c,0x2f,0x74,0x64,0x3e,0x0d,0x0a,0x3c,0x2f,0x74,0x72,0x3e,0x0d,0x0a,0x3c,0x74,
 364          0x72,0x3e,0x0d,0x0a,0x20,0x20,0x20,0x20,0x3c,0x74,0x64,0x20,0x62,0x67,0x63,0x6f,
 365          0x6c,0x6f,0x72,0x3d,0x22,0x23,0x45,0x44,0x45,0x46,0x45,0x46,0x22,0x3e,0x3c,0x64,
 366          0x69,0x76,0x20,0x63,0x6c,0x61,0x73,0x73,0x3d,0x22,0x69,0x74,0x65,0x6d,0x5f,0x31,
 367          0x22,0x3e,0x4b,0x65,0x79,0x20,0x49,0x6e,0x64,0x65,0x78,0x20,0x31,0x3c,0x2f,0x64,
 368          0x69,0x76,0x3e,0x3c,0x2f,0x74,0x64,0x3e,0x0d,0x0a,0x20,0x20,0x20,0x20,0x3c,0x74,
 369          0x64,0x20,0x62,0x67,0x63,0x6f,0x6c,0x6f,0x72,0x3d,0x22,0x23,0x45,0x44,0x45,0x46,
 370          0x45,0x46,0x22,0x3e,0x3c,0x69,0x6e,0x70,0x75,0x74,0x20,0x6e,0x61,0x6d,0x65,0x3d,
 371          0x22,0x6b,0x65,0x79,0x5f,0x69,0x6e,0x64,0x65,0x78,0x5f,0x31,0x22,0x20,0x69,0x64,
 372          0x3d,0x22,0x6b,0x65,0x79,0x5f,0x69,0x6e,0x64,0x65,0x78,0x5f,0x31,0x22,0x20,0x74,
 373          0x79,0x70,0x65,0x3d,0x22,0x74,0x65,0x78,0x74,0x22,0x20,0x63,0x6c,0x61,0x73,0x73,
 374          0x3d,0x22,0x69,0x74,0x65,0x6d,0x5f,0x32,0x22,0x20,0x73,0x74,0x79,0x6c,0x65,0x3d,
 375          0x22,0x77,0x69,0x64,0x74,0x68,0x3a,0x20,0x33,0x30,0x30,0x70,0x78,0x22,0x20,0x76,
 376          0x61,0x6c,0x75,0x65,0x3d,0x22,0x22,0x20,0x6d,0x61,0x78,0x6c,0x65,0x6e,0x67,0x74,
 377          0x68,0x3d,0x22,0x32,0x36,0x22,0x20,0x2f,0x3e,0x3c,0x2f,0x74,0x64,0x3e,0x0d,0x0a,
 378          0x3c,0x2f,0x74,0x72,0x3e,0x0d,0x0a,0x3c,0x74,0x72,0x3e,0x0d,0x0a,0x20,0x20,0x20,
 379          0x20,0x3c,0x74,0x64,0x20,0x62,0x67,0x63,0x6f,0x6c,0x6f,0x72,0x3d,0x22,0x23,0x45,
 380          0x44,0x45,0x46,0x45,0x46,0x22,0x3e,0x3c,0x64,0x69,0x76,0x20,0x63,0x6c,0x61,0x73,
 381          0x73,0x3d,0x22,0x69,0x74,0x65,0x6d,0x5f,0x31,0x22,0x3e,0x4b,0x65,0x79,0x20,0x49,
 382          0x6e,0x64,0x65,0x78,0x20,0x32,0x3c,0x2f,0x64,0x69,0x76,0x3e,0x3c,0x2f,0x74,0x64,
 383          0x3e,0x0d,0x0a,0x20,0x20,0x20,0x20,0x3c,0x74,0x64,0x20,0x62,0x67,0x63,0x6f,0x6c,
 384          0x6f,0x72,0x3d,0x22,0x23,0x45,0x44,0x45,0x46,0x45,0x46,0x22,0x3e,0x3c,0x69,0x6e,
 385          0x70,0x75,0x74,0x20,0x6e,0x61,0x6d,0x65,0x3d,0x22,0x6b,0x65,0x79,0x5f,0x69,0x6e,
 386          0x64,0x65,0x78,0x5f,0x32,0x22,0x20,0x69,0x64,0x3d,0x22,0x6b,0x65,0x79,0x5f,0x69,
 387          0x6e,0x64,0x65,0x78,0x5f,0x32,0x22,0x20,0x74,0x79,0x70,0x65,0x3d,0x22,0x74,0x65,
 388          0x78,0x74,0x22,0x20,0x63,0x6c,0x61,0x73,0x73,0x3d,0x22,0x69,0x74,0x65,0x6d,0x5f,
 389          0x32,0x22,0x20,0x73,0x74,0x79,0x6c,0x65,0x3d,0x22,0x77,0x69,0x64,0x74,0x68,0x3a,
 390          0x20,0x33,0x30,0x30,0x70,0x78,0x22,0x20,0x76,0x61,0x6c,0x75,0x65,0x3d,0x22,0x22,
 391          0x20,0x6d,0x61,0x78,0x6c,0x65,0x6e,0x67,0x74,0x68,0x3d,0x22,0x32,0x36,0x22,0x20,
 392          0x2f,0x3e,0x3c,0x2f,0x74,0x64,0x3e,0x0d,0x0a,0x3c,0x2f,0x74,0x72,0x3e,0x0d,0x0a,
 393          0x3c,0x74,0x72,0x3e,0x0d,0x0a,0x20,0x20,0x20,0x20,0x3c,0x74,0x64,0x20,0x62,0x67,
 394          0x63,0x6f,0x6c,0x6f,0x72,0x3d,0x22,0x23,0x45,0x44,0x45,0x46,0x45,0x46,0x22,0x3e,
 395          0x3c,0x64,0x69,0x76,0x20,0x63,0x6c,0x61,0x73,0x73,0x3d,0x22,0x69,0x74,0x65,0x6d,
 396          0x5f,0x31,0x22,0x3e,0x4b,0x65,0x79,0x20,0x49,0x6e,0x64,0x65,0x78,0x20,0x33,0x3c,
 397          0x2f,0x64,0x69,0x76,0x3e,0x3c,0x2f,0x74,0x64,0x3e,0x0d,0x0a,0x20,0x20,0x20,0x20,
 398          0x3c,0x74,0x64,0x20,0x62,0x67,0x63,0x6f,0x6c,0x6f,0x72,0x3d,0x22,0x23,0x45,0x44,
 399          0x45,0x46,0x45,0x46,0x22,0x3e,0x3c,0x69,0x6e,0x70,0x75,0x74,0x20,0x6e,0x61,0x6d,
 400          0x65,0x3d,0x22,0x6b,0x65,0x79,0x5f,0x69,0x6e,0x64,0x65,0x78,0x5f,0x33,0x22,0x20,
 401          0x69,0x64,0x3d,0x22,0x6b,0x65,0x79,0x5f,0x69,0x6e,0x64,0x65,0x78,0x5f,0x33,0x22,
 402          0x20,0x74,0x79,0x70,0x65,0x3d,0x22,0x74,0x65,0x78,0x74,0x22,0x20,0x63,0x6c,0x61,
 403          0x73,0x73,0x3d,0x22,0x69,0x74,0x65,0x6d,0x5f,0x32,0x22,0x20,0x73,0x74,0x79,0x6c,
 404          0x65,0x3d,0x22,0x77,0x69,0x64,0x74,0x68,0x3a,0x20,0x33,0x30,0x30,0x70,0x78,0x22,
 405          0x20,0x76,0x61,0x6c,0x75,0x65,0x3d,0x22,0x22,0x20,0x6d,0x61,0x78,0x6c,0x65,0x6e,
 406          0x67,0x74,0x68,0x3d,0x22,0x32,0x36,0x22,0x20,0x2f,0x3e,0x3c,0x2f,0x74,0x64,0x3e,
 407          0x0d,0x0a,0x3c,0x2f,0x74,0x72,0x3e,0x0d,0x0a,0x3c,0x74,0x72,0x3e,0x3c,0x74,0x64,
 408          0x20,0x62,0x67,0x63,0x6f,0x6c,0x6f,0x72,0x3d,0x22,0x23,0x45,0x44,0x45,0x46,0x45,
 409          0x46,0x22,0x3e,0x3c,0x2f,0x74,0x64,0x3e,0x3c,0x74,0x64,0x20,0x62,0x67,0x63,0x6f,
 410          0x6c,0x6f,0x72,0x3d,0x22,0x23,0x45,0x44,0x45,0x46,0x45,0x46,0x22,0x3e,0x3c,0x73,
 411          0x70,0x61,0x6e,0x20,0x63,0x6c,0x61,0x73,0x73,0x3d,0x22,0x73,0x65,0x74,0x69,0x6e,
 412          0x66,0x6f,0x22,0x3e,0x50,0x6c,0x65,0x61,0x73,0x65,0x20,0x65,0x6e,0x74,0x65,0x72,
 413          0x20,0x31,0x30,0x20,0x6f,0x72,0x20,0x32,0x36,0x20,0x48,0x65,0x78,0x20,0x64,0x69,
 414          0x67,0x69,0x74,0x73,0x20,0x66,0x6f,0x72,0x20,0x36,0x34,0x20,0x6f,0x72,0x20,0x31,
 415          0x32,0x38,0x20,0x62,0x69,0x74,0x73,0x20,0x6b,0x65,0x79,0x20,0x6c,0x65,0x6e,0x67,
 416          0x74,0x68,0x2e,0x3c,0x2f,0x73,0x70,0x61,0x6e,0x3e,0x3c,0x2f,0x74,0x64,0x3e,0x3c,
 417          0x2f,0x74,0x72,0x3e,0x0d,0x0a,0x3c,0x74,0x72,0x3e,0x0d,0x0a,0x20,0x20,0x20,0x20,
 418          0x3c,0x74,0x64,0x20,0x62,0x67,0x63,0x6f,0x6c,0x6f,0x72,0x3d,0x22,0x23,0x45,0x44,
 419          0x45,0x46,0x45,0x46,0x22,0x3e,0x3c,0x64,0x69,0x76,0x20,0x63,0x6c,0x61,0x73,0x73,
 420          0x3d,0x22,0x69,0x74,0x65,0x6d,0x5f,0x31,0x22,0x3e,0x3c,0x2f,0x64,0x69,0x76,0x3e,
 421          0x3c,0x2f,0x74,0x64,0x3e,0x0d,0x0a,0x20,0x20,0x20,0x20,0x3c,0x74,0x64,0x20,0x62,
 422          0x67,0x63,0x6f,0x6c,0x6f,0x72,0x3d,0x22,0x23,0x45,0x44,0x45,0x46,0x45,0x46,0x22,
C51 COMPILER V9.01   FILESYS_3                                                             08/29/2011 15:28:02 PAGE 8   

 423          0x3e,0x3c,0x69,0x6e,0x70,0x75,0x74,0x20,0x6e,0x61,0x6d,0x65,0x3d,0x22,0x41,0x70,
 424          0x70,0x6c,0x79,0x22,0x20,0x74,0x79,0x70,0x65,0x3d,0x22,0x73,0x75,0x62,0x6d,0x69,
 425          0x74,0x22,0x20,0x63,0x6c,0x61,0x73,0x73,0x3d,0x22,0x69,0x74,0x65,0x6d,0x5f,0x32,
 426          0x22,0x20,0x73,0x74,0x79,0x6c,0x65,0x3d,0x22,0x57,0x49,0x44,0x54,0x48,0x3a,0x20,
 427          0x36,0x30,0x70,0x78,0x3b,0x20,0x48,0x45,0x49,0x47,0x48,0x54,0x3a,0x20,0x32,0x34,
 428          0x70,0x78,0x3b,0x22,0x20,0x76,0x61,0x6c,0x75,0x65,0x3d,0x22,0x41,0x70,0x70,0x6c,
 429          0x79,0x22,0x20,0x6f,0x6e,0x63,0x6c,0x69,0x63,0x6b,0x3d,0x22,0x73,0x65,0x74,0x53,
 430          0x75,0x62,0x6d,0x69,0x74,0x54,0x79,0x70,0x65,0x28,0x31,0x29,0x22,0x2f,0x3e,0x0d,
 431          0x0a,0x09,0x3c,0x2f,0x74,0x64,0x3e,0x0d,0x0a,0x3c,0x2f,0x74,0x72,0x3e,0x0d,0x0a,
 432          0x3c,0x2f,0x66,0x6f,0x72,0x6d,0x3e,0x0d,0x0a,0x3c,0x66,0x6f,0x72,0x6d,0x20,0x6d,
 433          0x65,0x74,0x68,0x6f,0x64,0x3d,0x22,0x50,0x4f,0x53,0x54,0x22,0x20,0x6f,0x6e,0x73,
 434          0x75,0x62,0x6d,0x69,0x74,0x3d,0x22,0x72,0x65,0x74,0x75,0x72,0x6e,0x20,0x63,0x68,
 435          0x6b,0x46,0x6f,0x72,0x6d,0x28,0x32,0x29,0x3b,0x22,0x3e,0x20,0x20,0x0d,0x0a,0x3c,
 436          0x74,0x72,0x3e,0x0d,0x0a,0x20,0x20,0x20,0x20,0x3c,0x74,0x64,0x20,0x63,0x6f,0x6c,
 437          0x73,0x70,0x61,0x6e,0x3d,0x22,0x32,0x22,0x20,0x62,0x67,0x63,0x6f,0x6c,0x6f,0x72,
 438          0x3d,0x22,0x23,0x45,0x44,0x45,0x46,0x45,0x46,0x22,0x3e,0x3c,0x64,0x69,0x76,0x20,
 439          0x63,0x6c,0x61,0x73,0x73,0x3d,0x22,0x73,0x75,0x62,0x69,0x74,0x65,0x6d,0x5f,0x31,
 440          0x22,0x3e,0x41,0x45,0x53,0x2f,0x54,0x4b,0x49,0x50,0x20,0x45,0x6e,0x63,0x72,0x79,
 441          0x70,0x74,0x69,0x6f,0x6e,0x20,0x4b,0x65,0x79,0x20,0x53,0x65,0x74,0x74,0x69,0x6e,
 442          0x67,0x73,0x3c,0x2f,0x64,0x69,0x76,0x3e,0x3c,0x2f,0x74,0x64,0x3e,0x0d,0x0a,0x3c,
 443          0x2f,0x74,0x72,0x3e,0x0d,0x0a,0x3c,0x74,0x72,0x3e,0x0d,0x0a,0x09,0x3c,0x74,0x64,
 444          0x20,0x62,0x67,0x63,0x6f,0x6c,0x6f,0x72,0x3d,0x22,0x23,0x45,0x44,0x45,0x46,0x45,
 445          0x46,0x22,0x3e,0x3c,0x64,0x69,0x76,0x20,0x63,0x6c,0x61,0x73,0x73,0x3d,0x22,0x69,
 446          0x74,0x65,0x6d,0x5f,0x31,0x22,0x3e,0x41,0x45,0x53,0x2f,0x54,0x4b,0x49,0x50,0x20,
 447          0x50,0x61,0x73,0x73,0x70,0x68,0x72,0x61,0x73,0x65,0x3c,0x2f,0x64,0x69,0x76,0x3e,
 448          0x3c,0x2f,0x74,0x64,0x3e,0x0d,0x0a,0x20,0x20,0x20,0x20,0x3c,0x74,0x64,0x20,0x62,
 449          0x67,0x63,0x6f,0x6c,0x6f,0x72,0x3d,0x22,0x23,0x45,0x44,0x45,0x46,0x45,0x46,0x22,
 450          0x3e,0x3c,0x69,0x6e,0x70,0x75,0x74,0x20,0x6e,0x61,0x6d,0x65,0x3d,0x22,0x61,0x65,
 451          0x73,0x5f,0x70,0x61,0x73,0x73,0x70,0x68,0x72,0x61,0x73,0x65,0x22,0x20,0x74,0x79,
 452          0x70,0x65,0x3d,0x22,0x74,0x65,0x78,0x74,0x22,0x20,0x63,0x6c,0x61,0x73,0x73,0x3d,
 453          0x22,0x69,0x74,0x65,0x6d,0x5f,0x32,0x22,0x20,0x73,0x74,0x79,0x6c,0x65,0x3d,0x22,
 454          0x77,0x69,0x64,0x74,0x68,0x3a,0x20,0x33,0x30,0x30,0x70,0x78,0x22,0x20,0x76,0x61,
 455          0x6c,0x75,0x65,0x3d,0x22,0x22,0x20,0x6d,0x61,0x78,0x6c,0x65,0x6e,0x67,0x74,0x68,
 456          0x3d,0x22,0x36,0x33,0x22,0x20,0x2f,0x3e,0x3c,0x2f,0x74,0x64,0x3e,0x0d,0x0a,0x3c,
 457          0x2f,0x74,0x72,0x3e,0x0d,0x0a,0x3c,0x74,0x72,0x3e,0x3c,0x74,0x64,0x20,0x62,0x67,
 458          0x63,0x6f,0x6c,0x6f,0x72,0x3d,0x22,0x23,0x45,0x44,0x45,0x46,0x45,0x46,0x22,0x3e,
 459          0x3c,0x2f,0x74,0x64,0x3e,0x3c,0x74,0x64,0x20,0x62,0x67,0x63,0x6f,0x6c,0x6f,0x72,
 460          0x3d,0x22,0x23,0x45,0x44,0x45,0x46,0x45,0x46,0x22,0x3e,0x3c,0x73,0x70,0x61,0x6e,
 461          0x20,0x63,0x6c,0x61,0x73,0x73,0x3d,0x22,0x73,0x65,0x74,0x69,0x6e,0x66,0x6f,0x22,
 462          0x3e,0x50,0x6c,0x65,0x61,0x73,0x65,0x20,0x65,0x6e,0x74,0x65,0x72,0x20,0x61,0x20,
 463          0x73,0x74,0x72,0x69,0x6e,0x67,0x20,0x77,0x68,0x69,0x63,0x68,0x20,0x6c,0x65,0x6e,
 464          0x67,0x74,0x68,0x20,0x62,0x65,0x74,0x77,0x65,0x65,0x6e,0x20,0x38,0x7e,0x36,0x33,
 465          0x20,0x64,0x69,0x67,0x69,0x74,0x73,0x2e,0x3c,0x2f,0x73,0x70,0x61,0x6e,0x3e,0x3c,
 466          0x2f,0x74,0x64,0x3e,0x3c,0x2f,0x74,0x72,0x3e,0x0d,0x0a,0x3c,0x74,0x72,0x3e,0x0d,
 467          0x0a,0x09,0x3c,0x74,0x64,0x20,0x62,0x67,0x63,0x6f,0x6c,0x6f,0x72,0x3d,0x22,0x23,
 468          0x45,0x44,0x45,0x46,0x45,0x46,0x22,0x3e,0x3c,0x64,0x69,0x76,0x20,0x63,0x6c,0x61,
 469          0x73,0x73,0x3d,0x22,0x69,0x74,0x65,0x6d,0x5f,0x31,0x22,0x3e,0x3c,0x2f,0x64,0x69,
 470          0x76,0x3e,0x3c,0x2f,0x74,0x64,0x3e,0x0d,0x0a,0x20,0x20,0x20,0x20,0x3c,0x74,0x64,
 471          0x20,0x62,0x67,0x63,0x6f,0x6c,0x6f,0x72,0x3d,0x22,0x23,0x45,0x44,0x45,0x46,0x45,
 472          0x46,0x22,0x3e,0x0d,0x0a,0x09,0x3c,0x69,0x6e,0x70,0x75,0x74,0x20,0x6e,0x61,0x6d,
 473          0x65,0x3d,0x22,0x41,0x70,0x70,0x6c,0x79,0x22,0x20,0x74,0x79,0x70,0x65,0x3d,0x22,
 474          0x73,0x75,0x62,0x6d,0x69,0x74,0x22,0x20,0x63,0x6c,0x61,0x73,0x73,0x3d,0x22,0x69,
 475          0x74,0x65,0x6d,0x5f,0x32,0x22,0x20,0x73,0x74,0x79,0x6c,0x65,0x3d,0x22,0x57,0x49,
 476          0x44,0x54,0x48,0x3a,0x20,0x36,0x30,0x70,0x78,0x3b,0x20,0x48,0x45,0x49,0x47,0x48,
 477          0x54,0x3a,0x20,0x32,0x34,0x70,0x78,0x3b,0x22,0x20,0x76,0x61,0x6c,0x75,0x65,0x3d,
 478          0x22,0x41,0x70,0x70,0x6c,0x79,0x22,0x20,0x6f,0x6e,0x63,0x6c,0x69,0x63,0x6b,0x3d,
 479          0x22,0x73,0x65,0x74,0x53,0x75,0x62,0x6d,0x69,0x74,0x54,0x79,0x70,0x65,0x28,0x31,
 480          0x29,0x22,0x2f,0x3e,0x0d,0x0a,0x09,0x3c,0x69,0x6e,0x70,0x75,0x74,0x20,0x6e,0x61,
 481          0x6d,0x65,0x3d,0x22,0x43,0x61,0x6e,0x63,0x65,0x6c,0x22,0x20,0x74,0x79,0x70,0x65,
 482          0x3d,0x22,0x72,0x65,0x73,0x65,0x74,0x22,0x20,0x63,0x6c,0x61,0x73,0x73,0x3d,0x22,
 483          0x69,0x74,0x65,0x6d,0x5f,0x32,0x22,0x20,0x73,0x74,0x79,0x6c,0x65,0x3d,0x22,0x57,
 484          0x49,0x44,0x54,0x48,0x3a,0x20,0x36,0x30,0x70,0x78,0x3b,0x20,0x48,0x45,0x49,0x47,
C51 COMPILER V9.01   FILESYS_3                                                             08/29/2011 15:28:02 PAGE 9   

 485          0x48,0x54,0x3a,0x20,0x32,0x34,0x70,0x78,0x3b,0x22,0x20,0x76,0x61,0x6c,0x75,0x65,
 486          0x3d,0x22,0x43,0x61,0x6e,0x63,0x65,0x6c,0x22,0x20,0x2f,0x3e,0x0d,0x0a,0x09,0x3c,
 487          0x2f,0x74,0x64,0x3e,0x0d,0x0a,0x3c,0x2f,0x74,0x72,0x3e,0x0d,0x0a,0x3c,0x2f,0x66,
 488          0x6f,0x72,0x6d,0x3e,0x0d,0x0a,0x3c,0x66,0x6f,0x72,0x6d,0x20,0x6d,0x65,0x74,0x68,
 489          0x6f,0x64,0x3d,0x22,0x50,0x4f,0x53,0x54,0x22,0x20,0x6f,0x6e,0x73,0x75,0x62,0x6d,
 490          0x69,0x74,0x3d,0x22,0x72,0x65,0x74,0x75,0x72,0x6e,0x20,0x63,0x68,0x6b,0x46,0x6f,
 491          0x72,0x6d,0x28,0x33,0x29,0x3b,0x22,0x3e,0x20,0x20,0x0d,0x0a,0x3c,0x74,0x72,0x3e,
 492          0x0d,0x0a,0x20,0x20,0x20,0x20,0x3c,0x74,0x64,0x20,0x63,0x6f,0x6c,0x73,0x70,0x61,
 493          0x6e,0x3d,0x22,0x32,0x22,0x20,0x62,0x67,0x63,0x6f,0x6c,0x6f,0x72,0x3d,0x22,0x23,
 494          0x45,0x44,0x45,0x46,0x45,0x46,0x22,0x3e,0x3c,0x64,0x69,0x76,0x20,0x63,0x6c,0x61,
 495          0x73,0x73,0x3d,0x22,0x73,0x75,0x62,0x69,0x74,0x65,0x6d,0x5f,0x31,0x22,0x3e,0x57,
 496          0x69,0x46,0x69,0x20,0x41,0x64,0x76,0x61,0x6e,0x63,0x65,0x20,0x53,0x65,0x74,0x74,
 497          0x69,0x6e,0x67,0x73,0x3c,0x2f,0x64,0x69,0x76,0x3e,0x3c,0x2f,0x74,0x64,0x3e,0x0d,
 498          0x0a,0x3c,0x2f,0x74,0x72,0x3e,0x0d,0x0a,0x3c,0x74,0x72,0x3e,0x0d,0x0a,0x09,0x3c,
 499          0x74,0x64,0x20,0x62,0x67,0x63,0x6f,0x6c,0x6f,0x72,0x3d,0x22,0x23,0x45,0x44,0x45,
 500          0x46,0x45,0x46,0x22,0x3e,0x3c,0x64,0x69,0x76,0x20,0x63,0x6c,0x61,0x73,0x73,0x3d,
 501          0x22,0x69,0x74,0x65,0x6d,0x5f,0x31,0x22,0x3e,0x54,0x58,0x20,0x44,0x61,0x74,0x61,
 502          0x20,0x52,0x61,0x74,0x65,0x3c,0x2f,0x64,0x69,0x76,0x3e,0x3c,0x2f,0x74,0x64,0x3e,
 503          0x0d,0x0a,0x20,0x20,0x20,0x20,0x3c,0x74,0x64,0x20,0x62,0x67,0x63,0x6f,0x6c,0x6f,
 504          0x72,0x3d,0x22,0x23,0x45,0x44,0x45,0x46,0x45,0x46,0x22,0x3e,0x3c,0x73,0x65,0x6c,
 505          0x65,0x63,0x74,0x20,0x6e,0x61,0x6d,0x65,0x3d,0x22,0x74,0x78,0x5f,0x64,0x61,0x74,
 506          0x61,0x5f,0x72,0x61,0x74,0x65,0x22,0x20,0x63,0x6c,0x61,0x73,0x73,0x3d,0x22,0x69,
 507          0x74,0x65,0x6d,0x5f,0x32,0x22,0x20,0x73,0x74,0x79,0x6c,0x65,0x3d,0x22,0x57,0x49,
 508          0x44,0x54,0x48,0x3a,0x20,0x31,0x35,0x30,0x70,0x78,0x22,0x3e,0x0d,0x0a,0x20,0x20,
 509          0x20,0x20,0x20,0x20,0x3c,0x6f,0x70,0x74,0x69,0x6f,0x6e,0x20,0x76,0x61,0x6c,0x75,
 510          0x65,0x3d,0x22,0x30,0x22,0x20,0x73,0x65,0x6c,0x65,0x63,0x74,0x65,0x64,0x20,0x3e,
 511          0x41,0x75,0x74,0x6f,0x3c,0x2f,0x6f,0x70,0x74,0x69,0x6f,0x6e,0x3e,0x0d,0x0a,0x20,
 512          0x20,0x20,0x20,0x20,0x20,0x3c,0x6f,0x70,0x74,0x69,0x6f,0x6e,0x20,0x76,0x61,0x6c,
 513          0x75,0x65,0x3d,0x22,0x31,0x22,0x20,0x20,0x20,0x20,0x20,0x20,0x20,0x20,0x20,0x20,
 514          0x3e,0x31,0x20,0x4d,0x62,0x70,0x73,0x3c,0x2f,0x6f,0x70,0x74,0x69,0x6f,0x6e,0x3e,
 515          0x0d,0x0a,0x20,0x20,0x20,0x20,0x20,0x20,0x3c,0x6f,0x70,0x74,0x69,0x6f,0x6e,0x20,
 516          0x76,0x61,0x6c,0x75,0x65,0x3d,0x22,0x32,0x22,0x20,0x20,0x20,0x20,0x20,0x20,0x20,
 517          0x20,0x20,0x20,0x3e,0x32,0x20,0x4d,0x62,0x70,0x73,0x3c,0x2f,0x6f,0x70,0x74,0x69,
 518          0x6f,0x6e,0x3e,0x0d,0x0a,0x20,0x20,0x20,0x20,0x20,0x20,0x3c,0x6f,0x70,0x74,0x69,
 519          0x6f,0x6e,0x20,0x76,0x61,0x6c,0x75,0x65,0x3d,0x22,0x33,0x22,0x20,0x20,0x20,0x20,
 520          0x20,0x20,0x20,0x20,0x20,0x20,0x3e,0x35,0x2e,0x35,0x20,0x4d,0x62,0x70,0x73,0x3c,
 521          0x2f,0x6f,0x70,0x74,0x69,0x6f,0x6e,0x3e,0x0d,0x0a,0x20,0x20,0x20,0x20,0x20,0x20,
 522          0x3c,0x6f,0x70,0x74,0x69,0x6f,0x6e,0x20,0x76,0x61,0x6c,0x75,0x65,0x3d,0x22,0x34,
 523          0x22,0x20,0x20,0x20,0x20,0x20,0x20,0x20,0x20,0x20,0x20,0x3e,0x36,0x20,0x4d,0x62,
 524          0x70,0x73,0x3c,0x2f,0x6f,0x70,0x74,0x69,0x6f,0x6e,0x3e,0x0d,0x0a,0x20,0x20,0x20,
 525          0x20,0x20,0x20,0x3c,0x6f,0x70,0x74,0x69,0x6f,0x6e,0x20,0x76,0x61,0x6c,0x75,0x65,
 526          0x3d,0x22,0x35,0x22,0x20,0x20,0x20,0x20,0x20,0x20,0x20,0x20,0x20,0x20,0x3e,0x39,
 527          0x20,0x4d,0x62,0x70,0x73,0x3c,0x2f,0x6f,0x70,0x74,0x69,0x6f,0x6e,0x3e,0x0d,0x0a,
 528          0x20,0x20,0x20,0x20,0x20,0x20,0x3c,0x6f,0x70,0x74,0x69,0x6f,0x6e,0x20,0x76,0x61,
 529          0x6c,0x75,0x65,0x3d,0x22,0x36,0x22,0x20,0x20,0x20,0x20,0x20,0x20,0x20,0x20,0x20,
 530          0x20,0x3e,0x31,0x31,0x20,0x4d,0x62,0x70,0x73,0x3c,0x2f,0x6f,0x70,0x74,0x69,0x6f,
 531          0x6e,0x3e,0x0d,0x0a,0x20,0x20,0x20,0x20,0x20,0x20,0x3c,0x6f,0x70,0x74,0x69,0x6f,
 532          0x6e,0x20,0x76,0x61,0x6c,0x75,0x65,0x3d,0x22,0x37,0x22,0x20,0x20,0x20,0x20,0x20,
 533          0x20,0x20,0x20,0x20,0x20,0x3e,0x31,0x32,0x20,0x4d,0x62,0x70,0x73,0x3c,0x2f,0x6f,
 534          0x70,0x74,0x69,0x6f,0x6e,0x3e,0x0d,0x0a,0x20,0x20,0x20,0x20,0x20,0x20,0x3c,0x6f,
 535          0x70,0x74,0x69,0x6f,0x6e,0x20,0x76,0x61,0x6c,0x75,0x65,0x3d,0x22,0x38,0x22,0x20,
 536          0x20,0x20,0x20,0x20,0x20,0x20,0x20,0x20,0x20,0x3e,0x31,0x38,0x20,0x4d,0x62,0x70,
 537          0x73,0x3c,0x2f,0x6f,0x70,0x74,0x69,0x6f,0x6e,0x3e,0x0d,0x0a,0x20,0x20,0x20,0x20,
 538          0x20,0x20,0x3c,0x6f,0x70,0x74,0x69,0x6f,0x6e,0x20,0x76,0x61,0x6c,0x75,0x65,0x3d,
 539          0x22,0x39,0x22,0x20,0x20,0x20,0x20,0x20,0x20,0x20,0x20,0x20,0x20,0x3e,0x32,0x34,
 540          0x20,0x4d,0x62,0x70,0x73,0x3c,0x2f,0x6f,0x70,0x74,0x69,0x6f,0x6e,0x3e,0x0d,0x0a,
 541          0x20,0x20,0x20,0x20,0x20,0x20,0x3c,0x6f,0x70,0x74,0x69,0x6f,0x6e,0x20,0x76,0x61,
 542          0x6c,0x75,0x65,0x3d,0x22,0x31,0x30,0x22,0x20,0x20,0x20,0x20,0x20,0x20,0x20,0x20,
 543          0x20,0x3e,0x33,0x36,0x20,0x4d,0x62,0x70,0x73,0x3c,0x2f,0x6f,0x70,0x74,0x69,0x6f,
 544          0x6e,0x3e,0x0d,0x0a,0x20,0x20,0x20,0x20,0x20,0x20,0x3c,0x6f,0x70,0x74,0x69,0x6f,
 545          0x6e,0x20,0x76,0x61,0x6c,0x75,0x65,0x3d,0x22,0x31,0x31,0x22,0x20,0x20,0x20,0x20,
 546          0x20,0x20,0x20,0x20,0x20,0x3e,0x34,0x38,0x20,0x4d,0x62,0x70,0x73,0x3c,0x2f,0x6f,
C51 COMPILER V9.01   FILESYS_3                                                             08/29/2011 15:28:02 PAGE 10  

 547          0x70,0x74,0x69,0x6f,0x6e,0x3e,0x0d,0x0a,0x20,0x20,0x20,0x20,0x20,0x20,0x3c,0x6f,
 548          0x70,0x74,0x69,0x6f,0x6e,0x20,0x76,0x61,0x6c,0x75,0x65,0x3d,0x22,0x31,0x32,0x22,
 549          0x20,0x20,0x20,0x20,0x20,0x20,0x20,0x20,0x20,0x3e,0x35,0x34,0x20,0x4d,0x62,0x70,
 550          0x73,0x3c,0x2f,0x6f,0x70,0x74,0x69,0x6f,0x6e,0x3e,0x0d,0x0a,0x20,0x20,0x20,0x20,
 551          0x3c,0x2f,0x73,0x65,0x6c,0x65,0x63,0x74,0x3e,0x3c,0x2f,0x74,0x64,0x3e,0x0d,0x0a,
 552          0x3c,0x2f,0x74,0x72,0x3e,0x0d,0x0a,0x3c,0x74,0x72,0x3e,0x0d,0x0a,0x09,0x3c,0x74,
 553          0x64,0x20,0x62,0x67,0x63,0x6f,0x6c,0x6f,0x72,0x3d,0x22,0x23,0x45,0x44,0x45,0x46,
 554          0x45,0x46,0x22,0x3e,0x3c,0x64,0x69,0x76,0x20,0x63,0x6c,0x61,0x73,0x73,0x3d,0x22,
 555          0x69,0x74,0x65,0x6d,0x5f,0x31,0x22,0x3e,0x54,0x72,0x61,0x6e,0x73,0x6d,0x69,0x73,
 556          0x73,0x69,0x6f,0x6e,0x20,0x50,0x6f,0x77,0x65,0x72,0x20,0x4c,0x65,0x76,0x65,0x6c,
 557          0x3c,0x2f,0x64,0x69,0x76,0x3e,0x3c,0x2f,0x74,0x64,0x3e,0x0d,0x0a,0x20,0x20,0x20,
 558          0x20,0x3c,0x74,0x64,0x20,0x62,0x67,0x63,0x6f,0x6c,0x6f,0x72,0x3d,0x22,0x23,0x45,
 559          0x44,0x45,0x46,0x45,0x46,0x22,0x3e,0x3c,0x73,0x65,0x6c,0x65,0x63,0x74,0x20,0x6e,
 560          0x61,0x6d,0x65,0x3d,0x22,0x74,0x78,0x5f,0x70,0x6f,0x77,0x65,0x72,0x22,0x20,0x63,
 561          0x6c,0x61,0x73,0x73,0x3d,0x22,0x69,0x74,0x65,0x6d,0x5f,0x32,0x22,0x20,0x73,0x74,
 562          0x79,0x6c,0x65,0x3d,0x22,0x57,0x49,0x44,0x54,0x48,0x3a,0x20,0x31,0x35,0x30,0x70,
 563          0x78,0x22,0x3e,0x0d,0x0a,0x20,0x20,0x20,0x20,0x20,0x20,0x3c,0x6f,0x70,0x74,0x69,
 564          0x6f,0x6e,0x20,0x76,0x61,0x6c,0x75,0x65,0x3d,0x22,0x30,0x22,0x20,0x73,0x65,0x6c,
 565          0x65,0x63,0x74,0x65,0x64,0x20,0x3e,0x31,0x30,0x30,0x25,0x3c,0x2f,0x6f,0x70,0x74,
 566          0x69,0x6f,0x6e,0x3e,0x0d,0x0a,0x20,0x20,0x20,0x20,0x20,0x20,0x3c,0x6f,0x70,0x74,
 567          0x69,0x6f,0x6e,0x20,0x76,0x61,0x6c,0x75,0x65,0x3d,0x22,0x31,0x22,0x20,0x20,0x20,
 568          0x20,0x20,0x20,0x20,0x20,0x20,0x20,0x3e,0x35,0x30,0x25,0x3c,0x2f,0x6f,0x70,0x74,
 569          0x69,0x6f,0x6e,0x3e,0x0d,0x0a,0x20,0x20,0x20,0x20,0x20,0x20,0x3c,0x6f,0x70,0x74,
 570          0x69,0x6f,0x6e,0x20,0x76,0x61,0x6c,0x75,0x65,0x3d,0x22,0x32,0x22,0x20,0x20,0x20,
 571          0x20,0x20,0x20,0x20,0x20,0x20,0x20,0x3e,0x32,0x35,0x25,0x3c,0x2f,0x6f,0x70,0x74,
 572          0x69,0x6f,0x6e,0x3e,0x0d,0x0a,0x20,0x20,0x20,0x20,0x20,0x20,0x3c,0x6f,0x70,0x74,
 573          0x69,0x6f,0x6e,0x20,0x76,0x61,0x6c,0x75,0x65,0x3d,0x22,0x33,0x22,0x20,0x20,0x20,
 574          0x20,0x20,0x20,0x20,0x20,0x20,0x20,0x3e,0x31,0x32,0x2e,0x35,0x25,0x3c,0x2f,0x6f,
 575          0x70,0x74,0x69,0x6f,0x6e,0x3e,0x0d,0x0a,0x20,0x20,0x20,0x20,0x20,0x20,0x3c,0x6f,
 576          0x70,0x74,0x69,0x6f,0x6e,0x20,0x76,0x61,0x6c,0x75,0x65,0x3d,0x22,0x34,0x22,0x20,
 577          0x20,0x20,0x20,0x20,0x20,0x20,0x20,0x20,0x20,0x3e,0x36,0x2e,0x32,0x35,0x25,0x3c,
 578          0x2f,0x6f,0x70,0x74,0x69,0x6f,0x6e,0x3e,0x0d,0x0a,0x20,0x20,0x20,0x20,0x3c,0x2f,
 579          0x73,0x65,0x6c,0x65,0x63,0x74,0x3e,0x3c,0x2f,0x74,0x64,0x3e,0x0d,0x0a,0x3c,0x2f,
 580          0x74,0x72,0x3e,0x0d,0x0a,0x3c,0x74,0x72,0x3e,0x0d,0x0a,0x09,0x3c,0x74,0x64,0x20,
 581          0x62,0x67,0x63,0x6f,0x6c,0x6f,0x72,0x3d,0x22,0x23,0x45,0x44,0x45,0x46,0x45,0x46,
 582          0x22,0x3e,0x3c,0x64,0x69,0x76,0x20,0x63,0x6c,0x61,0x73,0x73,0x3d,0x22,0x69,0x74,
 583          0x65,0x6d,0x5f,0x31,0x22,0x3e,0x50,0x72,0x65,0x61,0x6d,0x62,0x6c,0x65,0x20,0x4d,
 584          0x6f,0x64,0x65,0x3c,0x2f,0x64,0x69,0x76,0x3e,0x3c,0x2f,0x74,0x64,0x3e,0x0d,0x0a,
 585          0x20,0x20,0x20,0x20,0x3c,0x74,0x64,0x20,0x62,0x67,0x63,0x6f,0x6c,0x6f,0x72,0x3d,
 586          0x22,0x23,0x45,0x44,0x45,0x46,0x45,0x46,0x22,0x3e,0x3c,0x73,0x65,0x6c,0x65,0x63,
 587          0x74,0x20,0x6e,0x61,0x6d,0x65,0x3d,0x22,0x70,0x72,0x65,0x61,0x6d,0x62,0x6c,0x65,
 588          0x22,0x20,0x63,0x6c,0x61,0x73,0x73,0x3d,0x22,0x69,0x74,0x65,0x6d,0x5f,0x32,0x22,
 589          0x20,0x73,0x74,0x79,0x6c,0x65,0x3d,0x22,0x57,0x49,0x44,0x54,0x48,0x3a,0x20,0x31,
 590          0x35,0x30,0x70,0x78,0x22,0x3e,0x0d,0x0a,0x20,0x20,0x20,0x20,0x20,0x20,0x3c,0x6f,
 591          0x70,0x74,0x69,0x6f,0x6e,0x20,0x76,0x61,0x6c,0x75,0x65,0x3d,0x22,0x30,0x22,0x20,
 592          0x73,0x65,0x6c,0x65,0x63,0x74,0x65,0x64,0x20,0x3e,0x4c,0x6f,0x6e,0x67,0x3c,0x2f,
 593          0x6f,0x70,0x74,0x69,0x6f,0x6e,0x3e,0x0d,0x0a,0x20,0x20,0x20,0x20,0x20,0x20,0x3c,
 594          0x6f,0x70,0x74,0x69,0x6f,0x6e,0x20,0x76,0x61,0x6c,0x75,0x65,0x3d,0x22,0x31,0x22,
 595          0x20,0x20,0x20,0x20,0x20,0x20,0x20,0x20,0x20,0x20,0x3e,0x41,0x75,0x74,0x6f,0x3c,
 596          0x2f,0x6f,0x70,0x74,0x69,0x6f,0x6e,0x3e,0x0d,0x0a,0x20,0x20,0x20,0x20,0x3c,0x2f,
 597          0x73,0x65,0x6c,0x65,0x63,0x74,0x3e,0x3c,0x2f,0x74,0x64,0x3e,0x0d,0x0a,0x3c,0x2f,
 598          0x74,0x72,0x3e,0x0d,0x0a,0x3c,0x74,0x72,0x3e,0x0d,0x0a,0x09,0x3c,0x74,0x64,0x20,
 599          0x62,0x67,0x63,0x6f,0x6c,0x6f,0x72,0x3d,0x22,0x23,0x45,0x44,0x45,0x46,0x45,0x46,
 600          0x22,0x3e,0x3c,0x64,0x69,0x76,0x20,0x63,0x6c,0x61,0x73,0x73,0x3d,0x22,0x69,0x74,
 601          0x65,0x6d,0x5f,0x31,0x22,0x3e,0x42,0x65,0x61,0x63,0x6f,0x6e,0x20,0x49,0x6e,0x74,
 602          0x65,0x72,0x76,0x61,0x6c,0x20,0x28,0x6d,0x73,0x29,0x3c,0x2f,0x64,0x69,0x76,0x3e,
 603          0x3c,0x2f,0x74,0x64,0x3e,0x0d,0x0a,0x20,0x20,0x20,0x20,0x3c,0x74,0x64,0x20,0x62,
 604          0x67,0x63,0x6f,0x6c,0x6f,0x72,0x3d,0x22,0x23,0x45,0x44,0x45,0x46,0x45,0x46,0x22,
 605          0x3e,0x3c,0x69,0x6e,0x70,0x75,0x74,0x20,0x6e,0x61,0x6d,0x65,0x3d,0x22,0x62,0x65,
 606          0x61,0x63,0x6f,0x6e,0x5f,0x69,0x6e,0x74,0x76,0x22,0x20,0x74,0x79,0x70,0x65,0x3d,
 607          0x22,0x74,0x65,0x78,0x74,0x22,0x20,0x63,0x6c,0x61,0x73,0x73,0x3d,0x22,0x69,0x74,
 608          0x65,0x6d,0x5f,0x32,0x22,0x20,0x73,0x74,0x79,0x6c,0x65,0x3d,0x22,0x77,0x69,0x64,
C51 COMPILER V9.01   FILESYS_3                                                             08/29/2011 15:28:02 PAGE 11  

 609          0x74,0x68,0x3a,0x20,0x31,0x35,0x30,0x70,0x78,0x22,0x20,0x76,0x61,0x6c,0x75,0x65,
 610          0x3d,0x22,0x31,0x30,0x30,0x22,0x20,0x6d,0x61,0x78,0x6c,0x65,0x6e,0x67,0x74,0x68,
 611          0x3d,0x22,0x36,0x22,0x20,0x2f,0x3e,0x3c,0x2f,0x74,0x64,0x3e,0x0d,0x0a,0x3c,0x2f,
 612          0x74,0x72,0x3e,0x0d,0x0a,0x3c,0x74,0x72,0x3e,0x3c,0x74,0x64,0x20,0x62,0x67,0x63,
 613          0x6f,0x6c,0x6f,0x72,0x3d,0x22,0x23,0x45,0x44,0x45,0x46,0x45,0x46,0x22,0x3e,0x3c,
 614          0x2f,0x74,0x64,0x3e,0x3c,0x74,0x64,0x20,0x62,0x67,0x63,0x6f,0x6c,0x6f,0x72,0x3d,
 615          0x22,0x23,0x45,0x44,0x45,0x46,0x45,0x46,0x22,0x3e,0x3c,0x73,0x70,0x61,0x6e,0x20,
 616          0x63,0x6c,0x61,0x73,0x73,0x3d,0x22,0x73,0x65,0x74,0x69,0x6e,0x66,0x6f,0x22,0x3e,
 617          0x50,0x6c,0x65,0x61,0x73,0x65,0x20,0x65,0x6e,0x74,0x65,0x72,0x20,0x61,0x6e,0x20,
 618          0x69,0x6e,0x74,0x65,0x67,0x65,0x72,0x20,0x62,0x65,0x74,0x77,0x65,0x65,0x6e,0x20,
 619          0x32,0x30,0x7e,0x31,0x30,0x30,0x30,0x2e,0x3c,0x2f,0x73,0x70,0x61,0x6e,0x3e,0x3c,
 620          0x2f,0x74,0x64,0x3e,0x3c,0x2f,0x74,0x72,0x3e,0x0d,0x0a,0x3c,0x74,0x72,0x3e,0x0d,
 621          0x0a,0x09,0x3c,0x74,0x64,0x20,0x62,0x67,0x63,0x6f,0x6c,0x6f,0x72,0x3d,0x22,0x23,
 622          0x45,0x44,0x45,0x46,0x45,0x46,0x22,0x3e,0x3c,0x64,0x69,0x76,0x20,0x63,0x6c,0x61,
 623          0x73,0x73,0x3d,0x22,0x69,0x74,0x65,0x6d,0x5f,0x31,0x22,0x3e,0x52,0x54,0x53,0x20,
 624          0x54,0x68,0x72,0x65,0x73,0x68,0x6f,0x6c,0x64,0x3c,0x2f,0x64,0x69,0x76,0x3e,0x3c,
 625          0x2f,0x74,0x64,0x3e,0x0d,0x0a,0x20,0x20,0x20,0x20,0x3c,0x74,0x64,0x20,0x62,0x67,
 626          0x63,0x6f,0x6c,0x6f,0x72,0x3d,0x22,0x23,0x45,0x44,0x45,0x46,0x45,0x46,0x22,0x3e,
 627          0x3c,0x69,0x6e,0x70,0x75,0x74,0x20,0x6e,0x61,0x6d,0x65,0x3d,0x22,0x72,0x74,0x73,
 628          0x5f,0x74,0x68,0x72,0x65,0x73,0x68,0x6f,0x6c,0x64,0x22,0x20,0x74,0x79,0x70,0x65,
 629          0x3d,0x22,0x74,0x65,0x78,0x74,0x22,0x20,0x63,0x6c,0x61,0x73,0x73,0x3d,0x22,0x69,
 630          0x74,0x65,0x6d,0x5f,0x32,0x22,0x20,0x73,0x74,0x79,0x6c,0x65,0x3d,0x22,0x77,0x69,
 631          0x64,0x74,0x68,0x3a,0x20,0x31,0x35,0x30,0x70,0x78,0x22,0x20,0x76,0x61,0x6c,0x75,
 632          0x65,0x3d,0x22,0x32,0x34,0x33,0x32,0x22,0x20,0x6d,0x61,0x78,0x6c,0x65,0x6e,0x67,
 633          0x74,0x68,0x3d,0x22,0x36,0x22,0x20,0x2f,0x3e,0x3c,0x2f,0x74,0x64,0x3e,0x0d,0x0a,
 634          0x3c,0x2f,0x74,0x72,0x3e,0x0d,0x0a,0x3c,0x74,0x72,0x3e,0x3c,0x74,0x64,0x20,0x62,
 635          0x67,0x63,0x6f,0x6c,0x6f,0x72,0x3d,0x22,0x23,0x45,0x44,0x45,0x46,0x45,0x46,0x22,
 636          0x3e,0x3c,0x2f,0x74,0x64,0x3e,0x3c,0x74,0x64,0x20,0x62,0x67,0x63,0x6f,0x6c,0x6f,
 637          0x72,0x3d,0x22,0x23,0x45,0x44,0x45,0x46,0x45,0x46,0x22,0x3e,0x3c,0x73,0x70,0x61,
 638          0x6e,0x20,0x63,0x6c,0x61,0x73,0x73,0x3d,0x22,0x73,0x65,0x74,0x69,0x6e,0x66,0x6f,
 639          0x22,0x3e,0x50,0x6c,0x65,0x61,0x73,0x65,0x20,0x65,0x6e,0x74,0x65,0x72,0x20,0x61,
 640          0x6e,0x20,0x69,0x6e,0x74,0x65,0x67,0x65,0x72,0x20,0x62,0x65,0x74,0x77,0x65,0x65,
 641          0x6e,0x20,0x30,0x7e,0x32,0x34,0x33,0x32,0x2e,0x3c,0x2f,0x73,0x70,0x61,0x6e,0x3e,
 642          0x3c,0x2f,0x74,0x64,0x3e,0x3c,0x2f,0x74,0x72,0x3e,0x0d,0x0a,0x3c,0x74,0x72,0x3e,
 643          0x0d,0x0a,0x09,0x3c,0x74,0x64,0x20,0x62,0x67,0x63,0x6f,0x6c,0x6f,0x72,0x3d,0x22,
 644          0x23,0x45,0x44,0x45,0x46,0x45,0x46,0x22,0x3e,0x3c,0x64,0x69,0x76,0x20,0x63,0x6c,
 645          0x61,0x73,0x73,0x3d,0x22,0x69,0x74,0x65,0x6d,0x5f,0x31,0x22,0x3e,0x41,0x75,0x74,
 646          0x6f,0x20,0x50,0x6f,0x77,0x65,0x72,0x20,0x43,0x6f,0x6e,0x74,0x72,0x6f,0x6c,0x20,
 647          0x4d,0x6f,0x64,0x65,0x3c,0x2f,0x64,0x69,0x76,0x3e,0x3c,0x2f,0x74,0x64,0x3e,0x0d,
 648          0x0a,0x20,0x20,0x20,0x20,0x3c,0x74,0x64,0x20,0x62,0x67,0x63,0x6f,0x6c,0x6f,0x72,
 649          0x3d,0x22,0x23,0x45,0x44,0x45,0x46,0x45,0x46,0x22,0x3e,0x3c,0x73,0x65,0x6c,0x65,
 650          0x63,0x74,0x20,0x6e,0x61,0x6d,0x65,0x3d,0x22,0x61,0x75,0x74,0x6f,0x5f,0x70,0x77,
 651          0x72,0x5f,0x63,0x74,0x72,0x6c,0x22,0x20,0x63,0x6c,0x61,0x73,0x73,0x3d,0x22,0x69,
 652          0x74,0x65,0x6d,0x5f,0x32,0x22,0x20,0x73,0x74,0x79,0x6c,0x65,0x3d,0x22,0x57,0x49,
 653          0x44,0x54,0x48,0x3a,0x20,0x31,0x35,0x30,0x70,0x78,0x22,0x3e,0x0d,0x0a,0x20,0x20,
 654          0x20,0x20,0x20,0x20,0x3c,0x6f,0x70,0x74,0x69,0x6f,0x6e,0x20,0x76,0x61,0x6c,0x75,
 655          0x65,0x3d,0x22,0x30,0x22,0x20,0x73,0x65,0x6c,0x65,0x63,0x74,0x65,0x64,0x20,0x3e,
 656          0x44,0x69,0x73,0x61,0x62,0x6c,0x65,0x3c,0x2f,0x6f,0x70,0x74,0x69,0x6f,0x6e,0x3e,
 657          0x0d,0x0a,0x20,0x20,0x20,0x20,0x20,0x20,0x3c,0x6f,0x70,0x74,0x69,0x6f,0x6e,0x20,
 658          0x76,0x61,0x6c,0x75,0x65,0x3d,0x22,0x31,0x22,0x20,0x20,0x20,0x20,0x20,0x20,0x20,
 659          0x20,0x20,0x20,0x3e,0x45,0x6e,0x61,0x62,0x6c,0x65,0x3c,0x2f,0x6f,0x70,0x74,0x69,
 660          0x6f,0x6e,0x3e,0x0d,0x0a,0x20,0x20,0x20,0x20,0x3c,0x2f,0x73,0x65,0x6c,0x65,0x63,
 661          0x74,0x3e,0x3c,0x2f,0x74,0x64,0x3e,0x0d,0x0a,0x3c,0x2f,0x74,0x72,0x3e,0x0d,0x0a,
 662          0x3c,0x74,0x72,0x3e,0x0d,0x0a,0x09,0x3c,0x74,0x64,0x20,0x62,0x67,0x63,0x6f,0x6c,
 663          0x6f,0x72,0x3d,0x22,0x23,0x45,0x44,0x45,0x46,0x45,0x46,0x22,0x3e,0x3c,0x64,0x69,
 664          0x76,0x20,0x63,0x6c,0x61,0x73,0x73,0x3d,0x22,0x69,0x74,0x65,0x6d,0x5f,0x31,0x22,
 665          0x3e,0x3c,0x2f,0x64,0x69,0x76,0x3e,0x3c,0x2f,0x74,0x64,0x3e,0x0d,0x0a,0x20,0x20,
 666          0x20,0x20,0x3c,0x74,0x64,0x20,0x62,0x67,0x63,0x6f,0x6c,0x6f,0x72,0x3d,0x22,0x23,
 667          0x45,0x44,0x45,0x46,0x45,0x46,0x22,0x3e,0x0d,0x0a,0x09,0x3c,0x69,0x6e,0x70,0x75,
 668          0x74,0x20,0x6e,0x61,0x6d,0x65,0x3d,0x22,0x41,0x70,0x70,0x6c,0x79,0x22,0x20,0x74,
 669          0x79,0x70,0x65,0x3d,0x22,0x73,0x75,0x62,0x6d,0x69,0x74,0x22,0x20,0x63,0x6c,0x61,
 670          0x73,0x73,0x3d,0x22,0x69,0x74,0x65,0x6d,0x5f,0x32,0x22,0x20,0x73,0x74,0x79,0x6c,
C51 COMPILER V9.01   FILESYS_3                                                             08/29/2011 15:28:02 PAGE 12  

 671          0x65,0x3d,0x22,0x57,0x49,0x44,0x54,0x48,0x3a,0x20,0x36,0x30,0x70,0x78,0x3b,0x20,
 672          0x48,0x45,0x49,0x47,0x48,0x54,0x3a,0x20,0x32,0x34,0x70,0x78,0x3b,0x22,0x20,0x76,
 673          0x61,0x6c,0x75,0x65,0x3d,0x22,0x41,0x70,0x70,0x6c,0x79,0x22,0x20,0x6f,0x6e,0x63,
 674          0x6c,0x69,0x63,0x6b,0x3d,0x22,0x73,0x65,0x74,0x53,0x75,0x62,0x6d,0x69,0x74,0x54,
 675          0x79,0x70,0x65,0x28,0x31,0x29,0x22,0x2f,0x3e,0x0d,0x0a,0x09,0x3c,0x69,0x6e,0x70,
 676          0x75,0x74,0x20,0x6e,0x61,0x6d,0x65,0x3d,0x22,0x43,0x61,0x6e,0x63,0x65,0x6c,0x22,
 677          0x20,0x74,0x79,0x70,0x65,0x3d,0x22,0x72,0x65,0x73,0x65,0x74,0x22,0x20,0x63,0x6c,
 678          0x61,0x73,0x73,0x3d,0x22,0x69,0x74,0x65,0x6d,0x5f,0x32,0x22,0x20,0x73,0x74,0x79,
 679          0x6c,0x65,0x3d,0x22,0x57,0x49,0x44,0x54,0x48,0x3a,0x20,0x36,0x30,0x70,0x78,0x3b,
 680          0x20,0x48,0x45,0x49,0x47,0x48,0x54,0x3a,0x20,0x32,0x34,0x70,0x78,0x3b,0x22,0x20,
 681          0x76,0x61,0x6c,0x75,0x65,0x3d,0x22,0x43,0x61,0x6e,0x63,0x65,0x6c,0x22,0x20,0x2f,
 682          0x3e,0x0d,0x0a,0x09,0x3c,0x2f,0x74,0x64,0x3e,0x0d,0x0a,0x3c,0x2f,0x74,0x72,0x3e,
 683          0x0d,0x0a,0x3c,0x2f,0x66,0x6f,0x72,0x6d,0x3e,0x0d,0x0a,0x20,0x20,0x3c,0x74,0x72,
 684          0x3e,0x0d,0x0a,0x20,0x20,0x20,0x20,0x3c,0x74,0x64,0x20,0x63,0x6f,0x6c,0x73,0x70,
 685          0x61,0x6e,0x3d,0x22,0x32,0x22,0x20,0x62,0x67,0x63,0x6f,0x6c,0x6f,0x72,0x3d,0x22,
 686          0x23,0x45,0x44,0x45,0x46,0x45,0x46,0x22,0x3e,0x26,0x6e,0x62,0x73,0x70,0x3b,0x3c,
 687          0x2f,0x74,0x64,0x3e,0x0d,0x0a,0x3c,0x2f,0x74,0x72,0x3e,0x0d,0x0a,0x20,0x20,0x3c,
 688          0x74,0x72,0x3e,0x0d,0x0a,0x20,0x20,0x20,0x20,0x3c,0x74,0x64,0x20,0x63,0x6f,0x6c,
 689          0x73,0x70,0x61,0x6e,0x3d,0x22,0x32,0x22,0x20,0x62,0x67,0x63,0x6f,0x6c,0x6f,0x72,
 690          0x3d,0x22,0x23,0x43,0x30,0x43,0x30,0x43,0x30,0x22,0x3e,0x26,0x6e,0x62,0x73,0x70,
 691          0x3b,0x3c,0x2f,0x74,0x64,0x3e,0x0d,0x0a,0x3c,0x2f,0x74,0x72,0x3e,0x0d,0x0a,0x3c,
 692          0x2f,0x74,0x61,0x62,0x6c,0x65,0x3e,0x0d,0x0a,0x3c,0x73,0x63,0x72,0x69,0x70,0x74,
 693          0x20,0x73,0x72,0x63,0x3d,0x22,0x61,0x78,0x6a,0x73,0x30,0x2e,0x6a,0x73,0x22,0x20,
 694          0x74,0x79,0x70,0x65,0x3d,0x22,0x74,0x65,0x78,0x74,0x2f,0x6a,0x61,0x76,0x61,0x73,
 695          0x63,0x72,0x69,0x70,0x74,0x22,0x3e,0x3c,0x2f,0x73,0x63,0x72,0x69,0x70,0x74,0x3e,
 696          0x0d,0x0a,0x3c,0x73,0x63,0x72,0x69,0x70,0x74,0x20,0x6c,0x61,0x6e,0x67,0x75,0x61,
 697          0x67,0x65,0x3d,0x22,0x4a,0x61,0x76,0x61,0x53,0x63,0x72,0x69,0x70,0x74,0x22,0x20,
 698          0x74,0x79,0x70,0x65,0x3d,0x22,0x74,0x65,0x78,0x74,0x2f,0x6a,0x61,0x76,0x61,0x73,
 699          0x63,0x72,0x69,0x70,0x74,0x22,0x3e,0x0d,0x0a,0x3c,0x21,0x2d,0x2d,0x0d,0x0a,0x66,
 700          0x69,0x6c,0x6c,0x77,0x65,0x70,0x28,0x29,0x3b,0x0d,0x0a,0x66,0x75,0x6e,0x63,0x74,
 701          0x69,0x6f,0x6e,0x20,0x66,0x69,0x6c,0x6c,0x77,0x65,0x70,0x28,0x29,0x20,0x7b,0x0d,
 702          0x0a,0x76,0x61,0x72,0x20,0x69,0x3b,0x0d,0x0a,0x76,0x61,0x72,0x20,0x77,0x65,0x70,
 703          0x5f,0x69,0x6e,0x66,0x6f,0x3b,0x0d,0x0a,0x69,0x66,0x20,0x28,0x64,0x6f,0x63,0x75,
 704          0x6d,0x65,0x6e,0x74,0x2e,0x67,0x65,0x74,0x45,0x6c,0x65,0x6d,0x65,0x6e,0x74,0x42,
 705          0x79,0x49,0x64,0x28,0x22,0x77,0x65,0x70,0x36,0x34,0x5f,0x69,0x6e,0x66,0x6f,0x22,
 706          0x29,0x20,0x21,0x3d,0x20,0x6e,0x75,0x6c,0x6c,0x20,0x26,0x26,0x20,0x64,0x6f,0x63,
 707          0x75,0x6d,0x65,0x6e,0x74,0x2e,0x67,0x65,0x74,0x45,0x6c,0x65,0x6d,0x65,0x6e,0x74,
 708          0x42,0x79,0x49,0x64,0x28,0x22,0x77,0x65,0x70,0x31,0x32,0x38,0x5f,0x69,0x6e,0x66,
 709          0x6f,0x22,0x29,0x20,0x21,0x3d,0x20,0x6e,0x75,0x6c,0x6c,0x29,0x7b,0x0d,0x0a,0x09,
 710          0x69,0x66,0x20,0x28,0x64,0x6f,0x63,0x75,0x6d,0x65,0x6e,0x74,0x2e,0x67,0x65,0x74,
 711          0x45,0x6c,0x65,0x6d,0x65,0x6e,0x74,0x42,0x79,0x49,0x64,0x28,0x22,0x6b,0x65,0x79,
 712          0x5f,0x6c,0x65,0x6e,0x67,0x74,0x68,0x22,0x29,0x2e,0x76,0x61,0x6c,0x75,0x65,0x20,
 713          0x3d,0x3d,0x20,0x22,0x30,0x22,0x29,0x09,0x7b,0x0d,0x0a,0x76,0x61,0x72,0x20,0x77,
 714          0x65,0x70,0x5f,0x69,0x6e,0x66,0x6f,0x20,0x3d,0x20,0x64,0x6f,0x63,0x75,0x6d,0x65,
 715          0x6e,0x74,0x2e,0x67,0x65,0x74,0x45,0x6c,0x65,0x6d,0x65,0x6e,0x74,0x42,0x79,0x49,
 716          0x64,0x28,0x22,0x77,0x65,0x70,0x36,0x34,0x5f,0x69,0x6e,0x66,0x6f,0x22,0x29,0x2e,
 717          0x76,0x61,0x6c,0x75,0x65,0x2e,0x73,0x70,0x6c,0x69,0x74,0x28,0x22,0x26,0x22,0x29,
 718          0x3b,0x0d,0x0a,0x66,0x6f,0x72,0x20,0x28,0x69,0x20,0x3d,0x20,0x30,0x3b,0x20,0x77,
 719          0x65,0x70,0x5f,0x69,0x6e,0x66,0x6f,0x5b,0x69,0x5d,0x20,0x21,0x3d,0x20,0x6e,0x75,
 720          0x6c,0x6c,0x20,0x26,0x26,0x20,0x64,0x6f,0x63,0x75,0x6d,0x65,0x6e,0x74,0x2e,0x67,
 721          0x65,0x74,0x45,0x6c,0x65,0x6d,0x65,0x6e,0x74,0x42,0x79,0x49,0x64,0x28,0x22,0x6b,
 722          0x65,0x79,0x5f,0x69,0x6e,0x64,0x65,0x78,0x5f,0x22,0x2b,0x69,0x29,0x20,0x21,0x3d,
 723          0x20,0x6e,0x75,0x6c,0x6c,0x3b,0x20,0x69,0x2b,0x2b,0x29,0x20,0x7b,0x0d,0x0a,0x64,
 724          0x6f,0x63,0x75,0x6d,0x65,0x6e,0x74,0x2e,0x67,0x65,0x74,0x45,0x6c,0x65,0x6d,0x65,
 725          0x6e,0x74,0x42,0x79,0x49,0x64,0x28,0x22,0x6b,0x65,0x79,0x5f,0x69,0x6e,0x64,0x65,
 726          0x78,0x5f,0x22,0x2b,0x69,0x29,0x2e,0x76,0x61,0x6c,0x75,0x65,0x20,0x3d,0x20,0x77,
 727          0x65,0x70,0x5f,0x69,0x6e,0x66,0x6f,0x5b,0x69,0x5d,0x3b,0x7d,0x0d,0x0a,0x09,0x7d,
 728          0x20,0x65,0x6c,0x73,0x65,0x20,0x7b,0x0d,0x0a,0x76,0x61,0x72,0x20,0x77,0x65,0x70,
 729          0x5f,0x69,0x6e,0x66,0x6f,0x20,0x3d,0x20,0x64,0x6f,0x63,0x75,0x6d,0x65,0x6e,0x74,
 730          0x2e,0x67,0x65,0x74,0x45,0x6c,0x65,0x6d,0x65,0x6e,0x74,0x42,0x79,0x49,0x64,0x28,
 731          0x22,0x77,0x65,0x70,0x31,0x32,0x38,0x5f,0x69,0x6e,0x66,0x6f,0x22,0x29,0x2e,0x76,
 732          0x61,0x6c,0x75,0x65,0x2e,0x73,0x70,0x6c,0x69,0x74,0x28,0x22,0x26,0x22,0x29,0x3b,
C51 COMPILER V9.01   FILESYS_3                                                             08/29/2011 15:28:02 PAGE 13  

 733          0x0d,0x0a,0x66,0x6f,0x72,0x20,0x28,0x69,0x20,0x3d,0x20,0x30,0x3b,0x20,0x77,0x65,
 734          0x70,0x5f,0x69,0x6e,0x66,0x6f,0x5b,0x69,0x5d,0x20,0x21,0x3d,0x20,0x6e,0x75,0x6c,
 735          0x6c,0x20,0x26,0x26,0x20,0x64,0x6f,0x63,0x75,0x6d,0x65,0x6e,0x74,0x2e,0x67,0x65,
 736          0x74,0x45,0x6c,0x65,0x6d,0x65,0x6e,0x74,0x42,0x79,0x49,0x64,0x28,0x22,0x6b,0x65,
 737          0x79,0x5f,0x69,0x6e,0x64,0x65,0x78,0x5f,0x22,0x2b,0x69,0x29,0x20,0x21,0x3d,0x20,
 738          0x6e,0x75,0x6c,0x6c,0x3b,0x20,0x69,0x2b,0x2b,0x29,0x20,0x7b,0x0d,0x0a,0x64,0x6f,
 739          0x63,0x75,0x6d,0x65,0x6e,0x74,0x2e,0x67,0x65,0x74,0x45,0x6c,0x65,0x6d,0x65,0x6e,
 740          0x74,0x42,0x79,0x49,0x64,0x28,0x22,0x6b,0x65,0x79,0x5f,0x69,0x6e,0x64,0x65,0x78,
 741          0x5f,0x22,0x2b,0x69,0x29,0x2e,0x76,0x61,0x6c,0x75,0x65,0x20,0x3d,0x20,0x77,0x65,
 742          0x70,0x5f,0x69,0x6e,0x66,0x6f,0x5b,0x69,0x5d,0x3b,0x7d,0x7d,0x7d,0x7d,0x0d,0x0a,
 743          0x2f,0x2f,0x2d,0x2d,0x3e,0x0d,0x0a,0x3c,0x2f,0x73,0x63,0x72,0x69,0x70,0x74,0x3e,
 744          0x0d,0x0a,0x3c,0x2f,0x62,0x6f,0x64,0x79,0x3e,0x0d,0x0a,0x3c,0x2f,0x68,0x74,0x6d,
 745          0x6c,0x3e,0x0d,0x0a
 746          };
 747          U16_T const FAR size_WebWifisetting = sizeof(WebWifisetting);
 748          


MODULE INFORMATION:   STATIC OVERLAYABLE
   CODE SIZE        =   ----    ----
   CONSTANT SIZE    =   ----    ----
   XDATA SIZE       =   ----    ----
   PDATA SIZE       =   ----    ----
   DATA SIZE        =   ----    ----
   IDATA SIZE       =   ----    ----
   BIT SIZE         =   ----    ----
   EDATA SIZE       =   ----    ----
   HDATA SIZE       =   ----    ----
   XDATA CONST SIZE =   ----    ----
   FAR CONST SIZE   =  11670    ----
END OF MODULE INFORMATION.


C51 COMPILATION COMPLETE.  0 WARNING(S),  0 ERROR(S)
