C51 COMPILER V9.01   MSTIMER                                                               03/08/2012 11:01:12 PAGE 1   


C51 COMPILER V9.01, COMPILATION OF MODULE MSTIMER
OBJECT MODULE PLACED IN .\mstimer.obj
COMPILER INVOKED BY: C:\Keil\C51\BIN\C51.EXE ..\src\mmstimer\mstimer.c LARGE OMF2 ROM(D16M) BROWSE INTVECTOR(0X8020) INC
                    -DIR(..\src\main;..\src\mcpu;..\src\mswdma;..\src\uart0;..\src\mmstimer;..\src\mwif;..\src\madapter;..\src\mtcpip;..\src\
                    -mping;..\src\mpppoe;..\src\si2c;..\src\mdnsc;..\src\mconsole;..\src\mtelnet;..\src\meeprom;..\src\mmac;..\src\mdhcpc;..\
                    -src\mhttp;..\src\mgs2wifi;..\src\mhsuart;..\src\msmtpc;..\src\web_page;..\src\mdhcps;..\src\mdebug) DEFINE(RuntimeCodeAt
                    -32KH) VARBANKING DEBUG PRINT(.\mstimer.lst) OBJECT(.\mstimer.obj)

line level    source

   1          /*
   2           *********************************************************************************
   3           *     Copyright (c) 2010   ASIX Electronic Corporation      All rights reserved.
   4           *
   5           *     This is unpublished proprietary source code of ASIX Electronic Corporation
   6           *
   7           *     The copyright notice above does not evidence any actual or intended
   8           *     publication of such source code.
   9           *********************************************************************************
  10           */
  11          /*================================================================================
  12           * Module Name : mstimer.c
  13           * Purpose     : AX220xx provides a ms timer. This firmware can initial the ms-timer
  14           *               and get the time tick by applications.
  15           * Author      : Robin Lee
  16           * Date        :
  17           * Notes       :
  18           * $Log: mstimer.c,v $
  19           * no message
  20           *
  21           *================================================================================
  22           */
  23          
  24          /* INCLUDE FILE DECLARATIONS */
  25          #include "ax22000.h"
  26          #include "types.h"
  27          #include "interrupt.h"
  28          #include "mstimer.h"
  29          #include "dma.h"
  30          
  31          /* NAMING CONSTANT DECLARATIONS */
  32          
  33          /* GLOBAL VARIABLES DECLARATIONS */
  34          U32_T SWTIMER_Counter = 0;
  35          
  36          /* LOCAL VARIABLES DECLARATIONS */
  37          
  38          /*
  39           * ----------------------------------------------------------------------------
  40           * Function Name: SWTIMER_Init
  41           * Purpose: Initiate global values in the MS timer module.
  42           * Params : None.
  43           * Returns: None.
  44           * Note   : None.
  45           * ----------------------------------------------------------------------------
  46           */
  47          void SWTIMER_Init(void)
  48          {
  49   1      
  50   1      } /* End of SWTIMER_Init */
  51          
C51 COMPILER V9.01   MSTIMER                                                               03/08/2012 11:01:12 PAGE 2   

  52          /*
  53           * ----------------------------------------------------------------------------
  54           * Function Name: SWTIMER_Start
  55           * Purpose: Enable the interrupt and start software timer.
  56           * Params : None.
  57           * Returns: None.
  58           * Note   : None.
  59           * ----------------------------------------------------------------------------
  60           */
  61          void SWTIMER_Start(void)
  62          {
  63   1              U8_T XDATA      temp[2];
  64   1      
  65   1              /* set software timer */
  66   1              temp[1] = (U8_T)SWTIMER_INTERVAL;
  67   1              temp[0] = (U8_T)(SWTIMER_INTERVAL >> 8) + SWTIMER_START + SWTIMER_INT_ENABLE;
  68   1              DMA_WriteReg(SWTIMER_REG, temp, 2);
  69   1      
  70   1              EXTINT5_ENABLE; /* Enable INT5 interrupt for software timer. */
  71   1      
  72   1      } /* End of SWTIMER_Start */
  73          
  74          #if (SWTIMER_STOP_FUNC == SWTIMER_SUPPORT_STOP_FUNC)
              /*
               * ----------------------------------------------------------------------------
               * Function Name: SWTIMER_Stop
               * Purpose: Disable the MS Timer.
               * Params : None.
               * Returns: None.
               * Note   : None.
               * ----------------------------------------------------------------------------
               */
              void SWTIMER_Stop(void)
              {
                      U8_T XDATA      temp[2];
              
                      /* set software timer */
                      temp[1] = (U8_T)SWTIMER_INTERVAL;
                      temp[0] = (U8_T)(SWTIMER_INTERVAL >> 8);
                      DMA_WriteReg(SWTIMER_REG, temp, 2);
              
              } /* End of SWTIMER_Stop */
              #endif
  95          
  96          /*
  97           * ----------------------------------------------------------------------------
  98           * Function Name: SWTIMER_Tick
  99           * Purpose: Get the ms-timer current time tick value.
 100           * Params : None.
 101           * Returns: timer: A 32bits current tick value.
 102           * Note   : None.
 103           * ----------------------------------------------------------------------------
 104           */
 105          U32_T SWTIMER_Tick(void)
 106          {
 107   1              U32_T   timer;
 108   1              BIT             oldEintBit = EA;
 109   1      
 110   1              EA_GLOBE_DISABLE;
 111   1              timer = SWTIMER_Counter;
 112   1              EA = oldEintBit;
 113   1              return timer;
C51 COMPILER V9.01   MSTIMER                                                               03/08/2012 11:01:12 PAGE 3   

 114   1      
 115   1      } /* End of SWTIMER_Tick */
 116          
 117          
 118          /* End of mstmier.c */


MODULE INFORMATION:   STATIC OVERLAYABLE
   CODE SIZE        =     56    ----
   CONSTANT SIZE    =   ----    ----
   XDATA SIZE       =      4       2
   PDATA SIZE       =   ----    ----
   DATA SIZE        =   ----    ----
   IDATA SIZE       =   ----    ----
   BIT SIZE         =   ----       1
   EDATA SIZE       =   ----    ----
   HDATA SIZE       =   ----    ----
   XDATA CONST SIZE =   ----    ----
   FAR CONST SIZE   =   ----    ----
END OF MODULE INFORMATION.


C51 COMPILATION COMPLETE.  0 WARNING(S),  0 ERROR(S)
